[14-Jan-2023 14:52:20 UTC] PHP Warning:  require_once(./app/models/HomeModel.php): Failed to open stream: No such file or directory in C:\Users\TRETEC\Documents\Projet-TDW\Cookbook\app\controllers\update_rating.php on line 2
[14-Jan-2023 14:52:20 UTC] PHP Fatal error:  Uncaught Error: Failed opening required './app/models/HomeModel.php' (include_path='.;C:\php\pear') in C:\Users\TRETEC\Documents\Projet-TDW\Cookbook\app\controllers\update_rating.php:2
Stack trace:
#0 {main}
  thrown in C:\Users\TRETEC\Documents\Projet-TDW\Cookbook\app\controllers\update_rating.php on line 2
[14-Jan-2023 14:53:54 UTC] PHP Fatal error:  Uncaught Error: Class "HomeModel" not found in C:\Users\TRETEC\Documents\Projet-TDW\Cookbook\app\controllers\update_rating.php:2
Stack trace:
#0 {main}
  thrown in C:\Users\TRETEC\Documents\Projet-TDW\Cookbook\app\controllers\update_rating.php on line 2
[14-Jan-2023 14:54:31 UTC] PHP Warning:  require_once(./app/models/HomeModel.php): Failed to open stream: No such file or directory in C:\Users\TRETEC\Documents\Projet-TDW\Cookbook\app\controllers\update_rating.php on line 2
[14-Jan-2023 14:54:31 UTC] PHP Fatal error:  Uncaught Error: Failed opening required './app/models/HomeModel.php' (include_path='.;C:\php\pear') in C:\Users\TRETEC\Documents\Projet-TDW\Cookbook\app\controllers\update_rating.php:2
Stack trace:
#0 {main}
  thrown in C:\Users\TRETEC\Documents\Projet-TDW\Cookbook\app\controllers\update_rating.php on line 2
[14-Jan-2023 14:55:30 UTC] PHP Warning:  require_once(./app/models/Model.php): Failed to open stream: No such file or directory in C:\Users\TRETEC\Documents\Projet-TDW\Cookbook\app\models\HomeModel.php on line 3
[14-Jan-2023 14:55:30 UTC] PHP Fatal error:  Uncaught Error: Failed opening required './app/models/Model.php' (include_path='.;C:\php\pear') in C:\Users\TRETEC\Documents\Projet-TDW\Cookbook\app\models\HomeModel.php:3
Stack trace:
#0 C:\Users\TRETEC\Documents\Projet-TDW\Cookbook\app\controllers\update_rating.php(2): require_once()
#1 {main}
  thrown in C:\Users\TRETEC\Documents\Projet-TDW\Cookbook\app\models\HomeModel.php on line 3
[14-Jan-2023 15:02:44 UTC] PHP Warning:  Undefined variable $cntr in C:\Users\TRETEC\Documents\Projet-TDW\Cookbook\app\controllers\update_rating.php on line 5
[14-Jan-2023 15:02:44 UTC] PHP Fatal error:  Uncaught Error: Call to a member function updateRating() on null in C:\Users\TRETEC\Documents\Projet-TDW\Cookbook\app\controllers\update_rating.php:5
Stack trace:
#0 {main}
  thrown in C:\Users\TRETEC\Documents\Projet-TDW\Cookbook\app\controllers\update_rating.php on line 5
[14-Jan-2023 15:04:58 UTC] PHP Warning:  require(./app/controller/HomeController.php): Failed to open stream: No such file or directory in C:\Users\TRETEC\Documents\Projet-TDW\Cookbook\app\controllers\update_rating.php on line 2
[14-Jan-2023 15:04:58 UTC] PHP Fatal error:  Uncaught Error: Failed opening required './app/controller/HomeController.php' (include_path='.;C:\php\pear') in C:\Users\TRETEC\Documents\Projet-TDW\Cookbook\app\controllers\update_rating.php:2
Stack trace:
#0 {main}
  thrown in C:\Users\TRETEC\Documents\Projet-TDW\Cookbook\app\controllers\update_rating.php on line 2
[14-Jan-2023 15:09:29 UTC] PHP Warning:  require_once(./app/models/HomeModel.php): Failed to open stream: No such file or directory in C:\Users\TRETEC\Documents\Projet-TDW\Cookbook\app\controllers\HomeController.php on line 3
[14-Jan-2023 15:09:29 UTC] PHP Fatal error:  Uncaught Error: Failed opening required './app/models/HomeModel.php' (include_path='.;C:\php\pear') in C:\Users\TRETEC\Documents\Projet-TDW\Cookbook\app\controllers\HomeController.php:3
Stack trace:
#0 {main}
  thrown in C:\Users\TRETEC\Documents\Projet-TDW\Cookbook\app\controllers\HomeController.php on line 3
[14-Jan-2023 15:11:50 UTC] PHP Warning:  require_once(./app/models/HomeModel.php): Failed to open stream: No such file or directory in C:\Users\TRETEC\Documents\Projet-TDW\Cookbook\app\controllers\HomeController.php on line 3
[14-Jan-2023 15:11:50 UTC] PHP Fatal error:  Uncaught Error: Failed opening required './app/models/HomeModel.php' (include_path='.;C:\php\pear') in C:\Users\TRETEC\Documents\Projet-TDW\Cookbook\app\controllers\HomeController.php:3
Stack trace:
#0 {main}
  thrown in C:\Users\TRETEC\Documents\Projet-TDW\Cookbook\app\controllers\HomeController.php on line 3
[14-Jan-2023 15:12:17 UTC] PHP Fatal error:  Uncaught Error: Using $this when not in object context in C:\Users\TRETEC\Documents\Projet-TDW\Cookbook\app\controllers\update_rating.php:5
Stack trace:
#0 {main}
  thrown in C:\Users\TRETEC\Documents\Projet-TDW\Cookbook\app\controllers\update_rating.php on line 5
[14-Jan-2023 15:15:19 UTC] PHP Fatal error:  Uncaught Error: Using $this when not in object context in C:\Users\TRETEC\Documents\Projet-TDW\Cookbook\app\controllers\update_rating.php:9
Stack trace:
#0 {main}
  thrown in C:\Users\TRETEC\Documents\Projet-TDW\Cookbook\app\controllers\update_rating.php on line 9
[14-Jan-2023 15:44:36 UTC] PHP Warning:  Undefined global variable $_SESSION in C:\Users\TRETEC\Documents\Projet-TDW\Cookbook\app\controllers\update_rating.php on line 7
[14-Jan-2023 15:44:36 UTC] PHP Warning:  Trying to access array offset on value of type null in C:\Users\TRETEC\Documents\Projet-TDW\Cookbook\app\controllers\update_rating.php on line 7
[14-Jan-2023 15:44:36 UTC] PHP Fatal error:  Uncaught PDOException: SQLSTATE[42000]: Syntax error or access violation: 1064 You have an error in your SQL syntax; check the manual that corresponds to your MariaDB server version for the right syntax to use near '6,5) ON DUPLICATE KEY UPDATE    
    rating=5' at line 1 in C:\Users\TRETEC\Documents\Projet-TDW\Cookbook\app\models\Model.php:29
Stack trace:
#0 C:\Users\TRETEC\Documents\Projet-TDW\Cookbook\app\models\Model.php(29): PDO->query('INSERT INTO use...')
#1 C:\Users\TRETEC\Documents\Projet-TDW\Cookbook\app\controllers\update_rating.php(11): Model->requete(Object(PDO), 'INSERT INTO use...')
#2 {main}
  thrown in C:\Users\TRETEC\Documents\Projet-TDW\Cookbook\app\models\Model.php on line 29
[14-Jan-2023 15:49:22 UTC] PHP Warning:  Undefined global variable $_SESSION in C:\Users\TRETEC\Documents\Projet-TDW\Cookbook\app\controllers\update_rating.php on line 7
[14-Jan-2023 15:49:22 UTC] PHP Warning:  Trying to access array offset on value of type null in C:\Users\TRETEC\Documents\Projet-TDW\Cookbook\app\controllers\update_rating.php on line 7
[14-Jan-2023 15:49:22 UTC] PHP Fatal error:  Uncaught PDOException: SQLSTATE[42000]: Syntax error or access violation: 1064 You have an error in your SQL syntax; check the manual that corresponds to your MariaDB server version for the right syntax to use near '6,3) ON DUPLICATE KEY UPDATE    
    rating=3' at line 1 in C:\Users\TRETEC\Documents\Projet-TDW\Cookbook\app\models\Model.php:29
Stack trace:
#0 C:\Users\TRETEC\Documents\Projet-TDW\Cookbook\app\models\Model.php(29): PDO->query('INSERT INTO use...')
#1 C:\Users\TRETEC\Documents\Projet-TDW\Cookbook\app\controllers\update_rating.php(11): Model->requete(Object(PDO), 'INSERT INTO use...')
#2 {main}
  thrown in C:\Users\TRETEC\Documents\Projet-TDW\Cookbook\app\models\Model.php on line 29
[14-Jan-2023 15:50:08 UTC] PHP Fatal error:  Uncaught PDOException: SQLSTATE[42000]: Syntax error or access violation: 1064 You have an error in your SQL syntax; check the manual that corresponds to your MariaDB server version for the right syntax to use near '<?php echo $_SESSION["user"]; ?>,6,3) ON DUPLICATE KEY UPDATE    
    rating=3' at line 1 in C:\Users\TRETEC\Documents\Projet-TDW\Cookbook\app\models\Model.php:29
Stack trace:
#0 C:\Users\TRETEC\Documents\Projet-TDW\Cookbook\app\models\Model.php(29): PDO->query('INSERT INTO use...')
#1 C:\Users\TRETEC\Documents\Projet-TDW\Cookbook\app\controllers\update_rating.php(12): Model->requete(Object(PDO), 'INSERT INTO use...')
#2 {main}
  thrown in C:\Users\TRETEC\Documents\Projet-TDW\Cookbook\app\models\Model.php on line 29
[14-Jan-2023 15:51:12 UTC] PHP Fatal error:  Uncaught PDOException: SQLSTATE[42000]: Syntax error or access violation: 1064 You have an error in your SQL syntax; check the manual that corresponds to your MariaDB server version for the right syntax to use near '<?php echo $_SESSION['user']; ?>,6,3) ON DUPLICATE KEY UPDATE    
    rating=3' at line 1 in C:\Users\TRETEC\Documents\Projet-TDW\Cookbook\app\models\Model.php:29
Stack trace:
#0 C:\Users\TRETEC\Documents\Projet-TDW\Cookbook\app\models\Model.php(29): PDO->query('INSERT INTO use...')
#1 C:\Users\TRETEC\Documents\Projet-TDW\Cookbook\app\controllers\update_rating.php(12): Model->requete(Object(PDO), 'INSERT INTO use...')
#2 {main}
  thrown in C:\Users\TRETEC\Documents\Projet-TDW\Cookbook\app\models\Model.php on line 29
[15-Jan-2023 16:25:04 UTC] PHP Warning:  Undefined array key "user" in C:\Users\TRETEC\Documents\Projet-TDW\Cookbook\app\controllers\favorite.php on line 4
[15-Jan-2023 16:25:04 UTC] PHP Warning:  Undefined array key "recipe" in C:\Users\TRETEC\Documents\Projet-TDW\Cookbook\app\controllers\favorite.php on line 5
[15-Jan-2023 16:25:04 UTC] PHP Fatal error:  Uncaught PDOException: SQLSTATE[42000]: Syntax error or access violation: 1064 You have an error in your SQL syntax; check the manual that corresponds to your MariaDB server version for the right syntax to use near ')' at line 1 in C:\Users\TRETEC\Documents\Projet-TDW\Cookbook\app\models\Model.php:29
Stack trace:
#0 C:\Users\TRETEC\Documents\Projet-TDW\Cookbook\app\models\Model.php(29): PDO->query('INSERT INTO use...')
#1 C:\Users\TRETEC\Documents\Projet-TDW\Cookbook\app\controllers\favorite.php(16): Model->requete(Object(PDO), 'INSERT INTO use...')
#2 {main}
  thrown in C:\Users\TRETEC\Documents\Projet-TDW\Cookbook\app\models\Model.php on line 29
[15-Jan-2023 16:27:08 UTC] PHP Warning:  Undefined array key "user" in C:\Users\TRETEC\Documents\Projet-TDW\Cookbook\app\controllers\favorite.php on line 4
[15-Jan-2023 16:27:08 UTC] PHP Warning:  Undefined array key "recipe" in C:\Users\TRETEC\Documents\Projet-TDW\Cookbook\app\controllers\favorite.php on line 5
[15-Jan-2023 16:27:08 UTC] PHP Fatal error:  Uncaught PDOException: SQLSTATE[42000]: Syntax error or access violation: 1064 You have an error in your SQL syntax; check the manual that corresponds to your MariaDB server version for the right syntax to use near ')' at line 1 in C:\Users\TRETEC\Documents\Projet-TDW\Cookbook\app\models\Model.php:29
Stack trace:
#0 C:\Users\TRETEC\Documents\Projet-TDW\Cookbook\app\models\Model.php(29): PDO->query('INSERT INTO use...')
#1 C:\Users\TRETEC\Documents\Projet-TDW\Cookbook\app\controllers\favorite.php(16): Model->requete(Object(PDO), 'INSERT INTO use...')
#2 {main}
  thrown in C:\Users\TRETEC\Documents\Projet-TDW\Cookbook\app\models\Model.php on line 29
[15-Jan-2023 16:27:51 UTC] PHP Warning:  Undefined array key "user" in C:\Users\TRETEC\Documents\Projet-TDW\Cookbook\app\controllers\favorite.php on line 4
[15-Jan-2023 16:27:51 UTC] PHP Fatal error:  Uncaught PDOException: SQLSTATE[42000]: Syntax error or access violation: 1064 You have an error in your SQL syntax; check the manual that corresponds to your MariaDB server version for the right syntax to use near 'id'] ?>'' at line 1 in C:\Users\TRETEC\Documents\Projet-TDW\Cookbook\app\models\Model.php:29
Stack trace:
#0 C:\Users\TRETEC\Documents\Projet-TDW\Cookbook\app\models\Model.php(29): PDO->query('SELECT count(*)...')
#1 C:\Users\TRETEC\Documents\Projet-TDW\Cookbook\app\controllers\favorite.php(8): Model->requete(Object(PDO), 'SELECT count(*)...')
#2 {main}
  thrown in C:\Users\TRETEC\Documents\Projet-TDW\Cookbook\app\models\Model.php on line 29
[15-Jan-2023 16:30:07 UTC] PHP Warning:  Undefined array key "user" in C:\Users\TRETEC\Documents\Projet-TDW\Cookbook\app\controllers\favorite.php on line 4
[15-Jan-2023 16:30:07 UTC] PHP Fatal error:  Uncaught PDOException: SQLSTATE[42000]: Syntax error or access violation: 1064 You have an error in your SQL syntax; check the manual that corresponds to your MariaDB server version for the right syntax to use near ')' at line 1 in C:\Users\TRETEC\Documents\Projet-TDW\Cookbook\app\models\Model.php:29
Stack trace:
#0 C:\Users\TRETEC\Documents\Projet-TDW\Cookbook\app\models\Model.php(29): PDO->query('INSERT INTO use...')
#1 C:\Users\TRETEC\Documents\Projet-TDW\Cookbook\app\controllers\favorite.php(16): Model->requete(Object(PDO), 'INSERT INTO use...')
#2 {main}
  thrown in C:\Users\TRETEC\Documents\Projet-TDW\Cookbook\app\models\Model.php on line 29
[15-Jan-2023 16:30:38 UTC] PHP Warning:  Undefined array key "user" in C:\Users\TRETEC\Documents\Projet-TDW\Cookbook\app\controllers\favorite.php on line 4
[15-Jan-2023 16:30:38 UTC] PHP Fatal error:  Uncaught PDOException: SQLSTATE[42000]: Syntax error or access violation: 1064 You have an error in your SQL syntax; check the manual that corresponds to your MariaDB server version for the right syntax to use near '6)' at line 1 in C:\Users\TRETEC\Documents\Projet-TDW\Cookbook\app\models\Model.php:29
Stack trace:
#0 C:\Users\TRETEC\Documents\Projet-TDW\Cookbook\app\models\Model.php(29): PDO->query('INSERT INTO use...')
#1 C:\Users\TRETEC\Documents\Projet-TDW\Cookbook\app\controllers\favorite.php(16): Model->requete(Object(PDO), 'INSERT INTO use...')
#2 {main}
  thrown in C:\Users\TRETEC\Documents\Projet-TDW\Cookbook\app\models\Model.php on line 29
[15-Jan-2023 16:32:16 UTC] PHP Fatal error:  Uncaught PDOException: SQLSTATE[42000]: Syntax error or access violation: 1064 You have an error in your SQL syntax; check the manual that corresponds to your MariaDB server version for the right syntax to use near 'user'] ?>' AND recipe_id='<? $r['id'] ?>'' at line 1 in C:\Users\TRETEC\Documents\Projet-TDW\Cookbook\app\models\Model.php:29
Stack trace:
#0 C:\Users\TRETEC\Documents\Projet-TDW\Cookbook\app\models\Model.php(29): PDO->query('SELECT count(*)...')
#1 C:\Users\TRETEC\Documents\Projet-TDW\Cookbook\app\controllers\favorite.php(8): Model->requete(Object(PDO), 'SELECT count(*)...')
#2 {main}
  thrown in C:\Users\TRETEC\Documents\Projet-TDW\Cookbook\app\models\Model.php on line 29
[15-Jan-2023 21:11:48 UTC] PHP Warning:  Undefined variable $newrating in C:\Users\TRETEC\Documents\Projet-TDW\Cookbook\app\controllers\update_rating.php on line 21
[15-Jan-2023 21:11:48 UTC] PHP Fatal error:  Uncaught DivisionByZeroError: Division by zero in C:\Users\TRETEC\Documents\Projet-TDW\Cookbook\app\controllers\update_rating.php:21
Stack trace:
#0 {main}
  thrown in C:\Users\TRETEC\Documents\Projet-TDW\Cookbook\app\controllers\update_rating.php on line 21
[15-Jan-2023 21:11:53 UTC] PHP Warning:  Undefined variable $newrating in C:\Users\TRETEC\Documents\Projet-TDW\Cookbook\app\controllers\update_rating.php on line 21
[15-Jan-2023 21:11:53 UTC] PHP Fatal error:  Uncaught DivisionByZeroError: Division by zero in C:\Users\TRETEC\Documents\Projet-TDW\Cookbook\app\controllers\update_rating.php:21
Stack trace:
#0 {main}
  thrown in C:\Users\TRETEC\Documents\Projet-TDW\Cookbook\app\controllers\update_rating.php on line 21
[15-Jan-2023 21:12:09 UTC] PHP Warning:  Undefined variable $newrating in C:\Users\TRETEC\Documents\Projet-TDW\Cookbook\app\controllers\update_rating.php on line 21
[15-Jan-2023 21:12:09 UTC] PHP Fatal error:  Uncaught DivisionByZeroError: Division by zero in C:\Users\TRETEC\Documents\Projet-TDW\Cookbook\app\controllers\update_rating.php:21
Stack trace:
#0 {main}
  thrown in C:\Users\TRETEC\Documents\Projet-TDW\Cookbook\app\controllers\update_rating.php on line 21
[15-Jan-2023 21:13:28 UTC] PHP Warning:  Undefined variable $newrating in C:\Users\TRETEC\Documents\Projet-TDW\Cookbook\app\controllers\update_rating.php on line 21
[15-Jan-2023 21:13:28 UTC] PHP Fatal error:  Uncaught DivisionByZeroError: Division by zero in C:\Users\TRETEC\Documents\Projet-TDW\Cookbook\app\controllers\update_rating.php:21
Stack trace:
#0 {main}
  thrown in C:\Users\TRETEC\Documents\Projet-TDW\Cookbook\app\controllers\update_rating.php on line 21
[15-Jan-2023 21:13:31 UTC] PHP Warning:  Undefined variable $newrating in C:\Users\TRETEC\Documents\Projet-TDW\Cookbook\app\controllers\update_rating.php on line 21
[15-Jan-2023 21:13:31 UTC] PHP Fatal error:  Uncaught DivisionByZeroError: Division by zero in C:\Users\TRETEC\Documents\Projet-TDW\Cookbook\app\controllers\update_rating.php:21
Stack trace:
#0 {main}
  thrown in C:\Users\TRETEC\Documents\Projet-TDW\Cookbook\app\controllers\update_rating.php on line 21
[15-Jan-2023 21:17:37 UTC] PHP Warning:  Undefined variable $newrating in C:\Users\TRETEC\Documents\Projet-TDW\Cookbook\app\controllers\update_rating.php on line 22
[15-Jan-2023 21:17:37 UTC] PHP Fatal error:  Uncaught DivisionByZeroError: Division by zero in C:\Users\TRETEC\Documents\Projet-TDW\Cookbook\app\controllers\update_rating.php:22
Stack trace:
#0 {main}
  thrown in C:\Users\TRETEC\Documents\Projet-TDW\Cookbook\app\controllers\update_rating.php on line 22
[15-Jan-2023 21:18:07 UTC] PHP Warning:  Undefined variable $newrating in C:\Users\TRETEC\Documents\Projet-TDW\Cookbook\app\controllers\update_rating.php on line 22
[15-Jan-2023 21:18:07 UTC] PHP Fatal error:  Uncaught DivisionByZeroError: Division by zero in C:\Users\TRETEC\Documents\Projet-TDW\Cookbook\app\controllers\update_rating.php:22
Stack trace:
#0 {main}
  thrown in C:\Users\TRETEC\Documents\Projet-TDW\Cookbook\app\controllers\update_rating.php on line 22
[15-Jan-2023 21:18:47 UTC] PHP Warning:  Undefined variable $newrating in C:\Users\TRETEC\Documents\Projet-TDW\Cookbook\app\controllers\update_rating.php on line 22
[15-Jan-2023 21:18:47 UTC] PHP Fatal error:  Uncaught DivisionByZeroError: Division by zero in C:\Users\TRETEC\Documents\Projet-TDW\Cookbook\app\controllers\update_rating.php:22
Stack trace:
#0 {main}
  thrown in C:\Users\TRETEC\Documents\Projet-TDW\Cookbook\app\controllers\update_rating.php on line 22
[15-Jan-2023 21:20:04 UTC] PHP Warning:  Undefined variable $newrating in C:\Users\TRETEC\Documents\Projet-TDW\Cookbook\app\controllers\update_rating.php on line 24
[15-Jan-2023 21:20:04 UTC] PHP Fatal error:  Uncaught DivisionByZeroError: Division by zero in C:\Users\TRETEC\Documents\Projet-TDW\Cookbook\app\controllers\update_rating.php:24
Stack trace:
#0 {main}
  thrown in C:\Users\TRETEC\Documents\Projet-TDW\Cookbook\app\controllers\update_rating.php on line 24
[15-Jan-2023 21:22:27 UTC] PHP Warning:  Undefined variable $newrating in C:\Users\TRETEC\Documents\Projet-TDW\Cookbook\app\controllers\update_rating.php on line 24
[15-Jan-2023 21:22:27 UTC] PHP Fatal error:  Uncaught DivisionByZeroError: Division by zero in C:\Users\TRETEC\Documents\Projet-TDW\Cookbook\app\controllers\update_rating.php:24
Stack trace:
#0 {main}
  thrown in C:\Users\TRETEC\Documents\Projet-TDW\Cookbook\app\controllers\update_rating.php on line 24
[15-Jan-2023 21:22:27 UTC] PHP Warning:  Undefined variable $newrating in C:\Users\TRETEC\Documents\Projet-TDW\Cookbook\app\controllers\update_rating.php on line 24
[15-Jan-2023 21:22:27 UTC] PHP Fatal error:  Uncaught DivisionByZeroError: Division by zero in C:\Users\TRETEC\Documents\Projet-TDW\Cookbook\app\controllers\update_rating.php:24
Stack trace:
#0 {main}
  thrown in C:\Users\TRETEC\Documents\Projet-TDW\Cookbook\app\controllers\update_rating.php on line 24
[15-Jan-2023 21:23:53 UTC] PHP Warning:  Undefined variable $newrating in C:\Users\TRETEC\Documents\Projet-TDW\Cookbook\app\controllers\update_rating.php on line 25
[16-Jan-2023 15:27:26 UTC] PHP Parse error:  syntax error, unexpected token "}" in C:\Users\TRETEC\Documents\Projet-TDW\Cookbook\app\controllers\apiroute.php on line 9
[16-Jan-2023 15:27:45 UTC] PHP Parse error:  syntax error, unexpected token "}" in C:\Users\TRETEC\Documents\Projet-TDW\Cookbook\app\controllers\apiroute.php on line 9
[16-Jan-2023 15:27:54 UTC] PHP Warning:  require_once(./app/models/AdminUserModel.php): Failed to open stream: No such file or directory in C:\Users\TRETEC\Documents\Projet-TDW\Cookbook\app\controllers\AdminUserController.php on line 3
[16-Jan-2023 15:27:54 UTC] PHP Fatal error:  Uncaught Error: Failed opening required './app/models/AdminUserModel.php' (include_path='.;C:\php\pear') in C:\Users\TRETEC\Documents\Projet-TDW\Cookbook\app\controllers\AdminUserController.php:3
Stack trace:
#0 C:\Users\TRETEC\Documents\Projet-TDW\Cookbook\app\controllers\apiroute.php(2): require_once()
#1 {main}
  thrown in C:\Users\TRETEC\Documents\Projet-TDW\Cookbook\app\controllers\AdminUserController.php on line 3
[16-Jan-2023 15:28:50 UTC] PHP Warning:  require_once(./app/models/AdminUserModel.php): Failed to open stream: No such file or directory in C:\Users\TRETEC\Documents\Projet-TDW\Cookbook\app\controllers\AdminUserController.php on line 3
[16-Jan-2023 15:28:50 UTC] PHP Fatal error:  Uncaught Error: Failed opening required './app/models/AdminUserModel.php' (include_path='.;C:\php\pear') in C:\Users\TRETEC\Documents\Projet-TDW\Cookbook\app\controllers\AdminUserController.php:3
Stack trace:
#0 C:\Users\TRETEC\Documents\Projet-TDW\Cookbook\app\controllers\apiroute.php(2): require_once()
#1 {main}
  thrown in C:\Users\TRETEC\Documents\Projet-TDW\Cookbook\app\controllers\AdminUserController.php on line 3
[16-Jan-2023 15:28:56 UTC] PHP Warning:  require_once(./app/models/AdminUserModel.php): Failed to open stream: No such file or directory in C:\Users\TRETEC\Documents\Projet-TDW\Cookbook\app\controllers\AdminUserController.php on line 3
[16-Jan-2023 15:28:56 UTC] PHP Fatal error:  Uncaught Error: Failed opening required './app/models/AdminUserModel.php' (include_path='.;C:\php\pear') in C:\Users\TRETEC\Documents\Projet-TDW\Cookbook\app\controllers\AdminUserController.php:3
Stack trace:
#0 C:\Users\TRETEC\Documents\Projet-TDW\Cookbook\app\controllers\apiroute.php(2): require_once()
#1 {main}
  thrown in C:\Users\TRETEC\Documents\Projet-TDW\Cookbook\app\controllers\AdminUserController.php on line 3
[16-Jan-2023 15:29:12 UTC] PHP Warning:  require_once(./app/models/AdminUserModel.php): Failed to open stream: No such file or directory in C:\Users\TRETEC\Documents\Projet-TDW\Cookbook\app\controllers\AdminUserController.php on line 3
[16-Jan-2023 15:29:12 UTC] PHP Fatal error:  Uncaught Error: Failed opening required './app/models/AdminUserModel.php' (include_path='.;C:\php\pear') in C:\Users\TRETEC\Documents\Projet-TDW\Cookbook\app\controllers\AdminUserController.php:3
Stack trace:
#0 C:\Users\TRETEC\Documents\Projet-TDW\Cookbook\app\controllers\apiroute.php(2): require_once()
#1 {main}
  thrown in C:\Users\TRETEC\Documents\Projet-TDW\Cookbook\app\controllers\AdminUserController.php on line 3
[16-Jan-2023 15:34:45 UTC] PHP Warning:  require_once(./app/models/AdminUserModel.php): Failed to open stream: No such file or directory in C:\Users\TRETEC\Documents\Projet-TDW\Cookbook\app\controllers\AdminUserController.php on line 3
[16-Jan-2023 15:34:45 UTC] PHP Fatal error:  Uncaught Error: Failed opening required './app/models/AdminUserModel.php' (include_path='.;C:\php\pear') in C:\Users\TRETEC\Documents\Projet-TDW\Cookbook\app\controllers\AdminUserController.php:3
Stack trace:
#0 C:\Users\TRETEC\Documents\Projet-TDW\Cookbook\app\controllers\apiroute.php(2): require_once()
#1 {main}
  thrown in C:\Users\TRETEC\Documents\Projet-TDW\Cookbook\app\controllers\AdminUserController.php on line 3
[16-Jan-2023 15:38:04 UTC] PHP Warning:  Undefined variable $cntr in C:\Users\TRETEC\Documents\Projet-TDW\Cookbook\app\controllers\apiroute.php on line 23
[16-Jan-2023 15:38:04 UTC] PHP Fatal error:  Uncaught Error: Call to a member function deleteUser() on null in C:\Users\TRETEC\Documents\Projet-TDW\Cookbook\app\controllers\apiroute.php:23
Stack trace:
#0 {main}
  thrown in C:\Users\TRETEC\Documents\Projet-TDW\Cookbook\app\controllers\apiroute.php on line 23
[16-Jan-2023 16:25:38 UTC] PHP Fatal error:  Uncaught PDOException: SQLSTATE[42000]: Syntax error or access violation: 1064 You have an error in your SQL syntax; check the manual that corresponds to your MariaDB server version for the right syntax to use near ''','','',0)' at line 2 in C:\Users\TRETEC\Documents\Projet-TDW\Cookbook\app\models\Model.php:29
Stack trace:
#0 C:\Users\TRETEC\Documents\Projet-TDW\Cookbook\app\models\Model.php(29): PDO->query('INSERT INTO use...')
#1 C:\Users\TRETEC\Documents\Projet-TDW\Cookbook\app\controllers\apiroute.php(33): Model->requete(Object(PDO), 'INSERT INTO use...')
#2 C:\Users\TRETEC\Documents\Projet-TDW\Cookbook\app\controllers\apiroute.php(69): validate('20')
#3 {main}
  thrown in C:\Users\TRETEC\Documents\Projet-TDW\Cookbook\app\models\Model.php on line 29
[16-Jan-2023 16:26:48 UTC] PHP Fatal error:  Uncaught PDOException: SQLSTATE[42000]: Syntax error or access violation: 1064 You have an error in your SQL syntax; check the manual that corresponds to your MariaDB server version for the right syntax to use near ''','','','0')' at line 2 in C:\Users\TRETEC\Documents\Projet-TDW\Cookbook\app\models\Model.php:29
Stack trace:
#0 C:\Users\TRETEC\Documents\Projet-TDW\Cookbook\app\models\Model.php(29): PDO->query('INSERT INTO use...')
#1 C:\Users\TRETEC\Documents\Projet-TDW\Cookbook\app\controllers\apiroute.php(33): Model->requete(Object(PDO), 'INSERT INTO use...')
#2 C:\Users\TRETEC\Documents\Projet-TDW\Cookbook\app\controllers\apiroute.php(69): validate('20')
#3 {main}
  thrown in C:\Users\TRETEC\Documents\Projet-TDW\Cookbook\app\models\Model.php on line 29
[16-Jan-2023 16:26:56 UTC] PHP Fatal error:  Uncaught PDOException: SQLSTATE[42000]: Syntax error or access violation: 1064 You have an error in your SQL syntax; check the manual that corresponds to your MariaDB server version for the right syntax to use near ''','','','0')' at line 2 in C:\Users\TRETEC\Documents\Projet-TDW\Cookbook\app\models\Model.php:29
Stack trace:
#0 C:\Users\TRETEC\Documents\Projet-TDW\Cookbook\app\models\Model.php(29): PDO->query('INSERT INTO use...')
#1 C:\Users\TRETEC\Documents\Projet-TDW\Cookbook\app\controllers\apiroute.php(33): Model->requete(Object(PDO), 'INSERT INTO use...')
#2 C:\Users\TRETEC\Documents\Projet-TDW\Cookbook\app\controllers\apiroute.php(69): validate('20')
#3 {main}
  thrown in C:\Users\TRETEC\Documents\Projet-TDW\Cookbook\app\models\Model.php on line 29
[16-Jan-2023 16:27:59 UTC] PHP Fatal error:  Uncaught PDOException: SQLSTATE[42000]: Syntax error or access violation: 1064 You have an error in your SQL syntax; check the manual that corresponds to your MariaDB server version for the right syntax to use near ''','','','0')' at line 2 in C:\Users\TRETEC\Documents\Projet-TDW\Cookbook\app\models\Model.php:29
Stack trace:
#0 C:\Users\TRETEC\Documents\Projet-TDW\Cookbook\app\models\Model.php(29): PDO->query('INSERT INTO use...')
#1 C:\Users\TRETEC\Documents\Projet-TDW\Cookbook\app\controllers\apiroute.php(33): Model->requete(Object(PDO), 'INSERT INTO use...')
#2 C:\Users\TRETEC\Documents\Projet-TDW\Cookbook\app\controllers\apiroute.php(69): validate('20')
#3 {main}
  thrown in C:\Users\TRETEC\Documents\Projet-TDW\Cookbook\app\models\Model.php on line 29
[16-Jan-2023 16:28:36 UTC] PHP Fatal error:  Uncaught PDOException: SQLSTATE[42000]: Syntax error or access violation: 1064 You have an error in your SQL syntax; check the manual that corresponds to your MariaDB server version for the right syntax to use near ''','','','0')' at line 2 in C:\Users\TRETEC\Documents\Projet-TDW\Cookbook\app\models\Model.php:29
Stack trace:
#0 C:\Users\TRETEC\Documents\Projet-TDW\Cookbook\app\models\Model.php(29): PDO->query('INSERT INTO use...')
#1 C:\Users\TRETEC\Documents\Projet-TDW\Cookbook\app\controllers\apiroute.php(33): Model->requete(Object(PDO), 'INSERT INTO use...')
#2 C:\Users\TRETEC\Documents\Projet-TDW\Cookbook\app\controllers\apiroute.php(69): validate('20')
#3 {main}
  thrown in C:\Users\TRETEC\Documents\Projet-TDW\Cookbook\app\models\Model.php on line 29
[16-Jan-2023 16:29:06 UTC] PHP Fatal error:  Uncaught Error: Call to a member function fetchColumn() on array in C:\Users\TRETEC\Documents\Projet-TDW\Cookbook\app\controllers\apiroute.php:26
Stack trace:
#0 C:\Users\TRETEC\Documents\Projet-TDW\Cookbook\app\controllers\apiroute.php(70): validate('20')
#1 {main}
  thrown in C:\Users\TRETEC\Documents\Projet-TDW\Cookbook\app\controllers\apiroute.php on line 26
[16-Jan-2023 16:31:06 UTC] PHP Fatal error:  Uncaught PDOException: SQLSTATE[42000]: Syntax error or access violation: 1064 You have an error in your SQL syntax; check the manual that corresponds to your MariaDB server version for the right syntax to use near ''','','','0')' at line 2 in C:\Users\TRETEC\Documents\Projet-TDW\Cookbook\app\models\Model.php:29
Stack trace:
#0 C:\Users\TRETEC\Documents\Projet-TDW\Cookbook\app\models\Model.php(29): PDO->query('INSERT INTO use...')
#1 C:\Users\TRETEC\Documents\Projet-TDW\Cookbook\app\controllers\apiroute.php(33): Model->requete(Object(PDO), 'INSERT INTO use...')
#2 C:\Users\TRETEC\Documents\Projet-TDW\Cookbook\app\controllers\apiroute.php(69): validate('20')
#3 {main}
  thrown in C:\Users\TRETEC\Documents\Projet-TDW\Cookbook\app\models\Model.php on line 29
[16-Jan-2023 16:32:57 UTC] PHP Fatal error:  Uncaught PDOException: SQLSTATE[42000]: Syntax error or access violation: 1064 You have an error in your SQL syntax; check the manual that corresponds to your MariaDB server version for the right syntax to use near ''','','','0')' at line 2 in C:\Users\TRETEC\Documents\Projet-TDW\Cookbook\app\models\Model.php:29
Stack trace:
#0 C:\Users\TRETEC\Documents\Projet-TDW\Cookbook\app\models\Model.php(29): PDO->query('INSERT INTO use...')
#1 C:\Users\TRETEC\Documents\Projet-TDW\Cookbook\app\controllers\apiroute.php(34): Model->requete(Object(PDO), 'INSERT INTO use...')
#2 C:\Users\TRETEC\Documents\Projet-TDW\Cookbook\app\controllers\apiroute.php(70): validate('20')
#3 {main}
  thrown in C:\Users\TRETEC\Documents\Projet-TDW\Cookbook\app\models\Model.php on line 29
[16-Jan-2023 16:34:29 UTC] PHP Fatal error:  Uncaught PDOException: SQLSTATE[42000]: Syntax error or access violation: 1064 You have an error in your SQL syntax; check the manual that corresponds to your MariaDB server version for the right syntax to use near ''','','','0')' at line 2 in C:\Users\TRETEC\Documents\Projet-TDW\Cookbook\app\models\Model.php:29
Stack trace:
#0 C:\Users\TRETEC\Documents\Projet-TDW\Cookbook\app\models\Model.php(29): PDO->query('INSERT INTO use...')
#1 C:\Users\TRETEC\Documents\Projet-TDW\Cookbook\app\controllers\apiroute.php(34): Model->requete(Object(PDO), 'INSERT INTO use...')
#2 C:\Users\TRETEC\Documents\Projet-TDW\Cookbook\app\controllers\apiroute.php(70): validate('20')
#3 {main}
  thrown in C:\Users\TRETEC\Documents\Projet-TDW\Cookbook\app\models\Model.php on line 29
[16-Jan-2023 16:35:30 UTC] PHP Fatal error:  Uncaught PDOException: SQLSTATE[42000]: Syntax error or access violation: 1064 You have an error in your SQL syntax; check the manual that corresponds to your MariaDB server version for the right syntax to use near ''','','','0')' at line 2 in C:\Users\TRETEC\Documents\Projet-TDW\Cookbook\app\models\Model.php:29
Stack trace:
#0 C:\Users\TRETEC\Documents\Projet-TDW\Cookbook\app\models\Model.php(29): PDO->query('INSERT INTO use...')
#1 C:\Users\TRETEC\Documents\Projet-TDW\Cookbook\app\controllers\apiroute.php(34): Model->requete(Object(PDO), 'INSERT INTO use...')
#2 C:\Users\TRETEC\Documents\Projet-TDW\Cookbook\app\controllers\apiroute.php(70): validate('20')
#3 {main}
  thrown in C:\Users\TRETEC\Documents\Projet-TDW\Cookbook\app\models\Model.php on line 29
[16-Jan-2023 16:38:14 UTC] PHP Fatal error:  Uncaught Error: Cannot use object of type PDOStatement as array in C:\Users\TRETEC\Documents\Projet-TDW\Cookbook\app\controllers\apiroute.php:26
Stack trace:
#0 C:\Users\TRETEC\Documents\Projet-TDW\Cookbook\app\controllers\apiroute.php(71): validate('20')
#1 {main}
  thrown in C:\Users\TRETEC\Documents\Projet-TDW\Cookbook\app\controllers\apiroute.php on line 26
[16-Jan-2023 16:40:22 UTC] PHP Fatal error:  Uncaught Error: Cannot use object of type PDOStatement as array in C:\Users\TRETEC\Documents\Projet-TDW\Cookbook\app\controllers\apiroute.php:26
Stack trace:
#0 C:\Users\TRETEC\Documents\Projet-TDW\Cookbook\app\controllers\apiroute.php(70): validate('20')
#1 {main}
  thrown in C:\Users\TRETEC\Documents\Projet-TDW\Cookbook\app\controllers\apiroute.php on line 26
[17-Jan-2023 01:21:11 UTC] PHP Warning:  Array to string conversion in C:\Users\TRETEC\Documents\Projet-TDW\Cookbook\app\controllers\apiroute.php on line 81
[17-Jan-2023 01:24:20 UTC] PHP Warning:  Undefined variable $helllllll in C:\Users\TRETEC\Documents\Projet-TDW\Cookbook\app\controllers\apiroute.php on line 80
[17-Jan-2023 01:24:20 UTC] PHP Warning:  Array to string conversion in C:\Users\TRETEC\Documents\Projet-TDW\Cookbook\app\controllers\apiroute.php on line 83
[17-Jan-2023 01:24:53 UTC] PHP Warning:  Undefined variable $helllllll in C:\Users\TRETEC\Documents\Projet-TDW\Cookbook\app\controllers\apiroute.php on line 80
[17-Jan-2023 01:24:53 UTC] PHP Warning:  Array to string conversion in C:\Users\TRETEC\Documents\Projet-TDW\Cookbook\app\controllers\apiroute.php on line 83
[17-Jan-2023 01:25:48 UTC] PHP Warning:  Undefined variable $helllllll in C:\Users\TRETEC\Documents\Projet-TDW\Cookbook\app\controllers\apiroute.php on line 80
[17-Jan-2023 01:25:48 UTC] PHP Warning:  Array to string conversion in C:\Users\TRETEC\Documents\Projet-TDW\Cookbook\app\controllers\apiroute.php on line 83
[17-Jan-2023 01:29:21 UTC] PHP Warning:  Array to string conversion in C:\Users\TRETEC\Documents\Projet-TDW\Cookbook\app\controllers\apiroute.php on line 81
[17-Jan-2023 01:37:14 UTC] PHP Warning:  Undefined array key "recipe[title]" in C:\Users\TRETEC\Documents\Projet-TDW\Cookbook\app\controllers\apiroute.php on line 80
[17-Jan-2023 01:37:14 UTC] PHP Warning:  Undefined array key "recipe[desc]" in C:\Users\TRETEC\Documents\Projet-TDW\Cookbook\app\controllers\apiroute.php on line 81
[17-Jan-2023 01:37:14 UTC] PHP Warning:  Undefined array key "recipe[image]" in C:\Users\TRETEC\Documents\Projet-TDW\Cookbook\app\controllers\apiroute.php on line 82
[17-Jan-2023 01:37:14 UTC] PHP Warning:  Undefined array key "recipe[preparation_time]" in C:\Users\TRETEC\Documents\Projet-TDW\Cookbook\app\controllers\apiroute.php on line 83
[17-Jan-2023 01:37:14 UTC] PHP Warning:  Undefined array key "recipe[cooking_time]" in C:\Users\TRETEC\Documents\Projet-TDW\Cookbook\app\controllers\apiroute.php on line 84
[17-Jan-2023 01:37:14 UTC] PHP Warning:  Undefined array key "recipe[rest_time]" in C:\Users\TRETEC\Documents\Projet-TDW\Cookbook\app\controllers\apiroute.php on line 85
[17-Jan-2023 01:37:14 UTC] PHP Warning:  Undefined array key "recipe[diff]" in C:\Users\TRETEC\Documents\Projet-TDW\Cookbook\app\controllers\apiroute.php on line 86
[17-Jan-2023 01:37:14 UTC] PHP Warning:  Undefined array key "recipe[category]" in C:\Users\TRETEC\Documents\Projet-TDW\Cookbook\app\controllers\apiroute.php on line 87
[17-Jan-2023 01:37:14 UTC] PHP Warning:  Undefined array key "recipe[calories]" in C:\Users\TRETEC\Documents\Projet-TDW\Cookbook\app\controllers\apiroute.php on line 88
[17-Jan-2023 01:37:14 UTC] PHP Warning:  Undefined array key "recipe[healthy]" in C:\Users\TRETEC\Documents\Projet-TDW\Cookbook\app\controllers\apiroute.php on line 89
[17-Jan-2023 01:37:14 UTC] PHP Warning:  Undefined array key "recipe[ingr0]" in C:\Users\TRETEC\Documents\Projet-TDW\Cookbook\app\controllers\apiroute.php on line 90
[17-Jan-2023 01:37:14 UTC] PHP Warning:  Undefined array key "recipe[qua0]" in C:\Users\TRETEC\Documents\Projet-TDW\Cookbook\app\controllers\apiroute.php on line 91
[17-Jan-2023 01:37:14 UTC] PHP Warning:  Undefined array key "recipe[step0]" in C:\Users\TRETEC\Documents\Projet-TDW\Cookbook\app\controllers\apiroute.php on line 92
[17-Jan-2023 01:38:46 UTC] PHP Warning:  Undefined array key "recipe[title]" in C:\Users\TRETEC\Documents\Projet-TDW\Cookbook\app\controllers\apiroute.php on line 80
[17-Jan-2023 01:38:46 UTC] PHP Warning:  Undefined array key "recipe[desc]" in C:\Users\TRETEC\Documents\Projet-TDW\Cookbook\app\controllers\apiroute.php on line 81
[17-Jan-2023 01:38:46 UTC] PHP Warning:  Undefined array key "recipe[image]" in C:\Users\TRETEC\Documents\Projet-TDW\Cookbook\app\controllers\apiroute.php on line 82
[17-Jan-2023 01:38:46 UTC] PHP Warning:  Undefined array key "recipe[preparation_time]" in C:\Users\TRETEC\Documents\Projet-TDW\Cookbook\app\controllers\apiroute.php on line 83
[17-Jan-2023 01:38:46 UTC] PHP Warning:  Undefined array key "recipe[cooking_time]" in C:\Users\TRETEC\Documents\Projet-TDW\Cookbook\app\controllers\apiroute.php on line 84
[17-Jan-2023 01:38:46 UTC] PHP Warning:  Undefined array key "recipe[rest_time]" in C:\Users\TRETEC\Documents\Projet-TDW\Cookbook\app\controllers\apiroute.php on line 85
[17-Jan-2023 01:38:46 UTC] PHP Warning:  Undefined array key "recipe[diff]" in C:\Users\TRETEC\Documents\Projet-TDW\Cookbook\app\controllers\apiroute.php on line 86
[17-Jan-2023 01:38:46 UTC] PHP Warning:  Undefined array key "recipe[category]" in C:\Users\TRETEC\Documents\Projet-TDW\Cookbook\app\controllers\apiroute.php on line 87
[17-Jan-2023 01:38:46 UTC] PHP Warning:  Undefined array key "recipe[calories]" in C:\Users\TRETEC\Documents\Projet-TDW\Cookbook\app\controllers\apiroute.php on line 88
[17-Jan-2023 01:38:46 UTC] PHP Warning:  Undefined array key "recipe[healthy]" in C:\Users\TRETEC\Documents\Projet-TDW\Cookbook\app\controllers\apiroute.php on line 89
[17-Jan-2023 01:38:46 UTC] PHP Warning:  Undefined array key "recipe[ingr0]" in C:\Users\TRETEC\Documents\Projet-TDW\Cookbook\app\controllers\apiroute.php on line 90
[17-Jan-2023 01:38:46 UTC] PHP Warning:  Undefined array key "recipe[qua0]" in C:\Users\TRETEC\Documents\Projet-TDW\Cookbook\app\controllers\apiroute.php on line 91
[17-Jan-2023 01:38:46 UTC] PHP Warning:  Undefined array key "recipe[step0]" in C:\Users\TRETEC\Documents\Projet-TDW\Cookbook\app\controllers\apiroute.php on line 92
[17-Jan-2023 01:42:54 UTC] PHP Warning:  Undefined array key "recipe[preparation_time]" in C:\Users\TRETEC\Documents\Projet-TDW\Cookbook\app\controllers\apiroute.php on line 83
[17-Jan-2023 01:42:54 UTC] PHP Warning:  Undefined array key "recipe[cooking_time]" in C:\Users\TRETEC\Documents\Projet-TDW\Cookbook\app\controllers\apiroute.php on line 84
[17-Jan-2023 01:42:54 UTC] PHP Warning:  Undefined array key "recipe[rest_time]" in C:\Users\TRETEC\Documents\Projet-TDW\Cookbook\app\controllers\apiroute.php on line 85
[17-Jan-2023 01:42:54 UTC] PHP Warning:  Undefined array key "recipe[diff]" in C:\Users\TRETEC\Documents\Projet-TDW\Cookbook\app\controllers\apiroute.php on line 86
[17-Jan-2023 01:42:54 UTC] PHP Warning:  Undefined array key "recipe[category]" in C:\Users\TRETEC\Documents\Projet-TDW\Cookbook\app\controllers\apiroute.php on line 87
[17-Jan-2023 01:42:54 UTC] PHP Warning:  Undefined array key "recipe[calories]" in C:\Users\TRETEC\Documents\Projet-TDW\Cookbook\app\controllers\apiroute.php on line 88
[17-Jan-2023 01:42:54 UTC] PHP Warning:  Undefined array key "recipe[healthy]" in C:\Users\TRETEC\Documents\Projet-TDW\Cookbook\app\controllers\apiroute.php on line 89
[17-Jan-2023 01:42:54 UTC] PHP Warning:  Undefined array key "recipe[ingr0]" in C:\Users\TRETEC\Documents\Projet-TDW\Cookbook\app\controllers\apiroute.php on line 90
[17-Jan-2023 01:42:54 UTC] PHP Warning:  Undefined array key "recipe[qua0]" in C:\Users\TRETEC\Documents\Projet-TDW\Cookbook\app\controllers\apiroute.php on line 91
[17-Jan-2023 01:42:54 UTC] PHP Warning:  Undefined array key "recipe[step0]" in C:\Users\TRETEC\Documents\Projet-TDW\Cookbook\app\controllers\apiroute.php on line 92
[17-Jan-2023 01:42:54 UTC] PHP Warning:  Undefined variable $title in C:\Users\TRETEC\Documents\Projet-TDW\Cookbook\app\controllers\apiroute.php on line 93
[17-Jan-2023 01:42:54 UTC] PHP Warning:  Undefined variable $desc in C:\Users\TRETEC\Documents\Projet-TDW\Cookbook\app\controllers\apiroute.php on line 93
[17-Jan-2023 01:42:54 UTC] PHP Warning:  Undefined variable $image in C:\Users\TRETEC\Documents\Projet-TDW\Cookbook\app\controllers\apiroute.php on line 93
[17-Jan-2023 01:47:54 UTC] PHP Warning:  Undefined array key "preparation_time" in C:\Users\TRETEC\Documents\Projet-TDW\Cookbook\app\controllers\apiroute.php on line 83
[17-Jan-2023 01:47:54 UTC] PHP Warning:  Undefined array key "cooking_time" in C:\Users\TRETEC\Documents\Projet-TDW\Cookbook\app\controllers\apiroute.php on line 84
[17-Jan-2023 01:47:54 UTC] PHP Warning:  Undefined array key "rest_time" in C:\Users\TRETEC\Documents\Projet-TDW\Cookbook\app\controllers\apiroute.php on line 85
[17-Jan-2023 01:47:54 UTC] PHP Warning:  Undefined array key "diff" in C:\Users\TRETEC\Documents\Projet-TDW\Cookbook\app\controllers\apiroute.php on line 86
[17-Jan-2023 01:47:54 UTC] PHP Warning:  Undefined array key "category" in C:\Users\TRETEC\Documents\Projet-TDW\Cookbook\app\controllers\apiroute.php on line 87
[17-Jan-2023 01:47:54 UTC] PHP Warning:  Undefined array key "calories" in C:\Users\TRETEC\Documents\Projet-TDW\Cookbook\app\controllers\apiroute.php on line 88
[17-Jan-2023 01:47:54 UTC] PHP Warning:  Undefined array key "healthy" in C:\Users\TRETEC\Documents\Projet-TDW\Cookbook\app\controllers\apiroute.php on line 89
[17-Jan-2023 01:47:54 UTC] PHP Warning:  Undefined array key "ingr0" in C:\Users\TRETEC\Documents\Projet-TDW\Cookbook\app\controllers\apiroute.php on line 90
[17-Jan-2023 01:47:54 UTC] PHP Warning:  Undefined array key "qua0" in C:\Users\TRETEC\Documents\Projet-TDW\Cookbook\app\controllers\apiroute.php on line 91
[17-Jan-2023 01:47:54 UTC] PHP Warning:  Undefined array key "step0" in C:\Users\TRETEC\Documents\Projet-TDW\Cookbook\app\controllers\apiroute.php on line 92
[17-Jan-2023 01:47:54 UTC] PHP Warning:  Undefined variable $title in C:\Users\TRETEC\Documents\Projet-TDW\Cookbook\app\controllers\apiroute.php on line 93
[17-Jan-2023 01:47:54 UTC] PHP Warning:  Undefined variable $desc in C:\Users\TRETEC\Documents\Projet-TDW\Cookbook\app\controllers\apiroute.php on line 93
[17-Jan-2023 01:47:54 UTC] PHP Warning:  Undefined variable $image in C:\Users\TRETEC\Documents\Projet-TDW\Cookbook\app\controllers\apiroute.php on line 93
[17-Jan-2023 01:48:49 UTC] PHP Warning:  Undefined array key "preparation_time" in C:\Users\TRETEC\Documents\Projet-TDW\Cookbook\app\controllers\apiroute.php on line 83
[17-Jan-2023 01:48:49 UTC] PHP Warning:  Undefined array key "cooking_time" in C:\Users\TRETEC\Documents\Projet-TDW\Cookbook\app\controllers\apiroute.php on line 84
[17-Jan-2023 01:48:49 UTC] PHP Warning:  Undefined array key "rest_time" in C:\Users\TRETEC\Documents\Projet-TDW\Cookbook\app\controllers\apiroute.php on line 85
[17-Jan-2023 01:48:49 UTC] PHP Warning:  Undefined array key "diff" in C:\Users\TRETEC\Documents\Projet-TDW\Cookbook\app\controllers\apiroute.php on line 86
[17-Jan-2023 01:48:49 UTC] PHP Warning:  Undefined array key "category" in C:\Users\TRETEC\Documents\Projet-TDW\Cookbook\app\controllers\apiroute.php on line 87
[17-Jan-2023 01:48:49 UTC] PHP Warning:  Undefined array key "calories" in C:\Users\TRETEC\Documents\Projet-TDW\Cookbook\app\controllers\apiroute.php on line 88
[17-Jan-2023 01:48:49 UTC] PHP Warning:  Undefined array key "healthy" in C:\Users\TRETEC\Documents\Projet-TDW\Cookbook\app\controllers\apiroute.php on line 89
[17-Jan-2023 01:48:49 UTC] PHP Warning:  Undefined array key "ingr0" in C:\Users\TRETEC\Documents\Projet-TDW\Cookbook\app\controllers\apiroute.php on line 90
[17-Jan-2023 01:48:49 UTC] PHP Warning:  Undefined array key "qua0" in C:\Users\TRETEC\Documents\Projet-TDW\Cookbook\app\controllers\apiroute.php on line 91
[17-Jan-2023 01:48:49 UTC] PHP Warning:  Undefined array key "step0" in C:\Users\TRETEC\Documents\Projet-TDW\Cookbook\app\controllers\apiroute.php on line 92
[17-Jan-2023 01:48:49 UTC] PHP Warning:  Undefined variable $title in C:\Users\TRETEC\Documents\Projet-TDW\Cookbook\app\controllers\apiroute.php on line 93
[17-Jan-2023 01:48:49 UTC] PHP Warning:  Undefined variable $desc in C:\Users\TRETEC\Documents\Projet-TDW\Cookbook\app\controllers\apiroute.php on line 93
[17-Jan-2023 01:48:49 UTC] PHP Warning:  Undefined variable $image in C:\Users\TRETEC\Documents\Projet-TDW\Cookbook\app\controllers\apiroute.php on line 93
[17-Jan-2023 09:11:35 UTC] PHP Warning:  Undefined array key "ingr0" in C:\Users\TRETEC\Documents\Projet-TDW\Cookbook\app\controllers\apiroute.php on line 90
[17-Jan-2023 09:23:53 UTC] PHP Warning:  Undefined array key "14-11-2017-R3-chefs-var2-Tunisian-Brik-e1534248004535.jpg" in C:\Users\TRETEC\Documents\Projet-TDW\Cookbook\app\controllers\apiroute.php on line 83
[17-Jan-2023 09:23:53 UTC] PHP Warning:  Trying to access array offset on value of type null in C:\Users\TRETEC\Documents\Projet-TDW\Cookbook\app\controllers\apiroute.php on line 83
[17-Jan-2023 09:23:53 UTC] PHP Deprecated:  fopen(): Passing null to parameter #1 ($filename) of type string is deprecated in C:\Users\TRETEC\Documents\Projet-TDW\Cookbook\app\controllers\apiroute.php on line 83
[17-Jan-2023 09:23:53 UTC] PHP Fatal error:  Uncaught ValueError: Path cannot be empty in C:\Users\TRETEC\Documents\Projet-TDW\Cookbook\app\controllers\apiroute.php:83
Stack trace:
#0 C:\Users\TRETEC\Documents\Projet-TDW\Cookbook\app\controllers\apiroute.php(83): fopen('', 'rb')
#1 {main}
  thrown in C:\Users\TRETEC\Documents\Projet-TDW\Cookbook\app\controllers\apiroute.php on line 83
[17-Jan-2023 09:24:25 UTC] PHP Warning:  Undefined array key "14-11-2017-R3-chefs-var2-Tunisian-Brik-e1534248004535.jpg" in C:\Users\TRETEC\Documents\Projet-TDW\Cookbook\app\controllers\apiroute.php on line 82
[17-Jan-2023 09:24:25 UTC] PHP Warning:  Trying to access array offset on value of type null in C:\Users\TRETEC\Documents\Projet-TDW\Cookbook\app\controllers\apiroute.php on line 82
[17-Jan-2023 09:24:25 UTC] PHP Deprecated:  fopen(): Passing null to parameter #1 ($filename) of type string is deprecated in C:\Users\TRETEC\Documents\Projet-TDW\Cookbook\app\controllers\apiroute.php on line 82
[17-Jan-2023 09:24:25 UTC] PHP Fatal error:  Uncaught ValueError: Path cannot be empty in C:\Users\TRETEC\Documents\Projet-TDW\Cookbook\app\controllers\apiroute.php:82
Stack trace:
#0 C:\Users\TRETEC\Documents\Projet-TDW\Cookbook\app\controllers\apiroute.php(82): fopen('', 'rb')
#1 {main}
  thrown in C:\Users\TRETEC\Documents\Projet-TDW\Cookbook\app\controllers\apiroute.php on line 82
[17-Jan-2023 09:24:28 UTC] PHP Warning:  Undefined array key "14-11-2017-R3-chefs-var2-Tunisian-Brik-e1534248004535.jpg" in C:\Users\TRETEC\Documents\Projet-TDW\Cookbook\app\controllers\apiroute.php on line 82
[17-Jan-2023 09:24:28 UTC] PHP Warning:  Trying to access array offset on value of type null in C:\Users\TRETEC\Documents\Projet-TDW\Cookbook\app\controllers\apiroute.php on line 82
[17-Jan-2023 09:24:28 UTC] PHP Deprecated:  fopen(): Passing null to parameter #1 ($filename) of type string is deprecated in C:\Users\TRETEC\Documents\Projet-TDW\Cookbook\app\controllers\apiroute.php on line 82
[17-Jan-2023 09:24:28 UTC] PHP Fatal error:  Uncaught ValueError: Path cannot be empty in C:\Users\TRETEC\Documents\Projet-TDW\Cookbook\app\controllers\apiroute.php:82
Stack trace:
#0 C:\Users\TRETEC\Documents\Projet-TDW\Cookbook\app\controllers\apiroute.php(82): fopen('', 'rb')
#1 {main}
  thrown in C:\Users\TRETEC\Documents\Projet-TDW\Cookbook\app\controllers\apiroute.php on line 82
[17-Jan-2023 09:25:00 UTC] PHP Warning:  Undefined array key "choclate-fondue.jpg" in C:\Users\TRETEC\Documents\Projet-TDW\Cookbook\app\controllers\apiroute.php on line 82
[17-Jan-2023 09:25:00 UTC] PHP Warning:  Trying to access array offset on value of type null in C:\Users\TRETEC\Documents\Projet-TDW\Cookbook\app\controllers\apiroute.php on line 82
[17-Jan-2023 09:25:00 UTC] PHP Deprecated:  fopen(): Passing null to parameter #1 ($filename) of type string is deprecated in C:\Users\TRETEC\Documents\Projet-TDW\Cookbook\app\controllers\apiroute.php on line 82
[17-Jan-2023 09:25:00 UTC] PHP Fatal error:  Uncaught ValueError: Path cannot be empty in C:\Users\TRETEC\Documents\Projet-TDW\Cookbook\app\controllers\apiroute.php:82
Stack trace:
#0 C:\Users\TRETEC\Documents\Projet-TDW\Cookbook\app\controllers\apiroute.php(82): fopen('', 'rb')
#1 {main}
  thrown in C:\Users\TRETEC\Documents\Projet-TDW\Cookbook\app\controllers\apiroute.php on line 82
[17-Jan-2023 09:26:17 UTC] PHP Warning:  Undefined array key "image" in C:\Users\TRETEC\Documents\Projet-TDW\Cookbook\app\controllers\apiroute.php on line 82
[17-Jan-2023 09:26:17 UTC] PHP Warning:  Trying to access array offset on value of type null in C:\Users\TRETEC\Documents\Projet-TDW\Cookbook\app\controllers\apiroute.php on line 82
[17-Jan-2023 09:26:17 UTC] PHP Deprecated:  fopen(): Passing null to parameter #1 ($filename) of type string is deprecated in C:\Users\TRETEC\Documents\Projet-TDW\Cookbook\app\controllers\apiroute.php on line 82
[17-Jan-2023 09:26:17 UTC] PHP Fatal error:  Uncaught ValueError: Path cannot be empty in C:\Users\TRETEC\Documents\Projet-TDW\Cookbook\app\controllers\apiroute.php:82
Stack trace:
#0 C:\Users\TRETEC\Documents\Projet-TDW\Cookbook\app\controllers\apiroute.php(82): fopen('', 'rb')
#1 {main}
  thrown in C:\Users\TRETEC\Documents\Projet-TDW\Cookbook\app\controllers\apiroute.php on line 82
[17-Jan-2023 09:30:21 UTC] PHP Warning:  Undefined array key "image" in C:\Users\TRETEC\Documents\Projet-TDW\Cookbook\app\controllers\apiroute.php on line 82
[17-Jan-2023 09:30:21 UTC] PHP Warning:  Trying to access array offset on value of type null in C:\Users\TRETEC\Documents\Projet-TDW\Cookbook\app\controllers\apiroute.php on line 82
[17-Jan-2023 09:30:21 UTC] PHP Deprecated:  fopen(): Passing null to parameter #1 ($filename) of type string is deprecated in C:\Users\TRETEC\Documents\Projet-TDW\Cookbook\app\controllers\apiroute.php on line 82
[17-Jan-2023 09:30:21 UTC] PHP Fatal error:  Uncaught ValueError: Path cannot be empty in C:\Users\TRETEC\Documents\Projet-TDW\Cookbook\app\controllers\apiroute.php:82
Stack trace:
#0 C:\Users\TRETEC\Documents\Projet-TDW\Cookbook\app\controllers\apiroute.php(82): fopen('', 'rb')
#1 {main}
  thrown in C:\Users\TRETEC\Documents\Projet-TDW\Cookbook\app\controllers\apiroute.php on line 82
[17-Jan-2023 09:33:24 UTC] PHP Warning:  Undefined array key "ingr0" in C:\Users\TRETEC\Documents\Projet-TDW\Cookbook\app\controllers\apiroute.php on line 90
[17-Jan-2023 09:33:24 UTC] PHP Warning:  Undefined variable $ingr0 in C:\Users\TRETEC\Documents\Projet-TDW\Cookbook\app\controllers\apiroute.php on line 93
[17-Jan-2023 09:34:15 UTC] PHP Warning:  Undefined array key "ingr0" in C:\Users\TRETEC\Documents\Projet-TDW\Cookbook\app\controllers\apiroute.php on line 90
[17-Jan-2023 09:51:49 UTC] PHP Parse error:  syntax error, unexpected token "}", expecting "," or ";" in C:\Users\TRETEC\Documents\Projet-TDW\Cookbook\app\controllers\apiroute.php on line 97
[17-Jan-2023 09:52:00 UTC] PHP Parse error:  syntax error, unexpected token "}", expecting "," or ";" in C:\Users\TRETEC\Documents\Projet-TDW\Cookbook\app\controllers\apiroute.php on line 97
[17-Jan-2023 09:52:03 UTC] PHP Parse error:  syntax error, unexpected token "}", expecting "," or ";" in C:\Users\TRETEC\Documents\Projet-TDW\Cookbook\app\controllers\apiroute.php on line 97
[17-Jan-2023 10:11:18 UTC] PHP Warning:  Undefined array key "count" in C:\Users\TRETEC\Documents\Projet-TDW\Cookbook\app\controllers\apiroute.php on line 93
[17-Jan-2023 10:11:18 UTC] PHP Warning:  Undefined array key "count1" in C:\Users\TRETEC\Documents\Projet-TDW\Cookbook\app\controllers\apiroute.php on line 94
[17-Jan-2023 10:11:57 UTC] PHP Warning:  Undefined array key "count" in C:\Users\TRETEC\Documents\Projet-TDW\Cookbook\app\controllers\apiroute.php on line 93
[17-Jan-2023 10:11:57 UTC] PHP Warning:  Undefined array key "count1" in C:\Users\TRETEC\Documents\Projet-TDW\Cookbook\app\controllers\apiroute.php on line 94
[17-Jan-2023 10:17:19 UTC] PHP Warning:  Undefined array key "count" in C:\Users\TRETEC\Documents\Projet-TDW\Cookbook\app\controllers\apiroute.php on line 93
[17-Jan-2023 10:17:19 UTC] PHP Warning:  Undefined array key "count1" in C:\Users\TRETEC\Documents\Projet-TDW\Cookbook\app\controllers\apiroute.php on line 94
[17-Jan-2023 11:05:53 UTC] PHP Fatal error:  Uncaught PDOException: SQLSTATE[42S22]: Column not found: 1054 Unknown column 'title' in 'where clause' in C:\Users\TRETEC\Documents\Projet-TDW\Cookbook\app\models\Model.php:29
Stack trace:
#0 C:\Users\TRETEC\Documents\Projet-TDW\Cookbook\app\models\Model.php(29): PDO->query('SELECT * FROM r...')
#1 C:\Users\TRETEC\Documents\Projet-TDW\Cookbook\app\controllers\apiroute.php(25): Model->requete(Object(PDO), 'SELECT * FROM r...')
#2 C:\Users\TRETEC\Documents\Projet-TDW\Cookbook\app\controllers\apiroute.php(173): getRecipe('test')
#3 {main}
  thrown in C:\Users\TRETEC\Documents\Projet-TDW\Cookbook\app\models\Model.php on line 29
[17-Jan-2023 11:06:51 UTC] PHP Fatal error:  Uncaught PDOException: SQLSTATE[42S22]: Column not found: 1054 Unknown column 'prepartion_time' in 'field list' in C:\Users\TRETEC\Documents\Projet-TDW\Cookbook\app\models\Model.php:29
Stack trace:
#0 C:\Users\TRETEC\Documents\Projet-TDW\Cookbook\app\models\Model.php(29): PDO->query('INSERT INTO rec...')
#1 C:\Users\TRETEC\Documents\Projet-TDW\Cookbook\app\controllers\apiroute.php(9): Model->requete(Object(PDO), 'INSERT INTO rec...')
#2 C:\Users\TRETEC\Documents\Projet-TDW\Cookbook\app\controllers\apiroute.php(174): addRecipe('test', 'testesttest', '10', '11', '12', 1, 2, '', '118')
#3 {main}
  thrown in C:\Users\TRETEC\Documents\Projet-TDW\Cookbook\app\models\Model.php on line 29
[17-Jan-2023 11:07:35 UTC] PHP Fatal error:  Uncaught PDOException: SQLSTATE[42S02]: Base table or view not found: 1146 Table 'cookbook.recipe_steps' doesn't exist in C:\Users\TRETEC\Documents\Projet-TDW\Cookbook\app\models\Model.php:29
Stack trace:
#0 C:\Users\TRETEC\Documents\Projet-TDW\Cookbook\app\models\Model.php(29): PDO->query('INSERT INTO rec...')
#1 C:\Users\TRETEC\Documents\Projet-TDW\Cookbook\app\controllers\apiroute.php(44): Model->requete(Object(PDO), 'INSERT INTO rec...')
#2 C:\Users\TRETEC\Documents\Projet-TDW\Cookbook\app\controllers\apiroute.php(177): addRecipestep(false, 1, 'step1')
#3 {main}
  thrown in C:\Users\TRETEC\Documents\Projet-TDW\Cookbook\app\models\Model.php on line 29
[17-Jan-2023 11:08:03 UTC] PHP Fatal error:  Uncaught PDOException: SQLSTATE[42S22]: Column not found: 1054 Unknown column 'ingredient_id' in 'field list' in C:\Users\TRETEC\Documents\Projet-TDW\Cookbook\app\models\Model.php:29
Stack trace:
#0 C:\Users\TRETEC\Documents\Projet-TDW\Cookbook\app\models\Model.php(29): PDO->query('INSERT INTO rec...')
#1 C:\Users\TRETEC\Documents\Projet-TDW\Cookbook\app\controllers\apiroute.php(44): Model->requete(Object(PDO), 'INSERT INTO rec...')
#2 C:\Users\TRETEC\Documents\Projet-TDW\Cookbook\app\controllers\apiroute.php(177): addRecipestep(17, 1, 'step1')
#3 {main}
  thrown in C:\Users\TRETEC\Documents\Projet-TDW\Cookbook\app\models\Model.php on line 29
[17-Jan-2023 11:10:03 UTC] PHP Fatal error:  Uncaught PDOException: SQLSTATE[HY093]: Invalid parameter number: parameter was not defined in C:\Users\TRETEC\Documents\Projet-TDW\Cookbook\app\controllers\apiroute.php:56
Stack trace:
#0 C:\Users\TRETEC\Documents\Projet-TDW\Cookbook\app\controllers\apiroute.php(56): PDOStatement->execute()
#1 C:\Users\TRETEC\Documents\Projet-TDW\Cookbook\app\controllers\apiroute.php(190): addRecipeImage(17, Resource id #4)
#2 {main}
  thrown in C:\Users\TRETEC\Documents\Projet-TDW\Cookbook\app\controllers\apiroute.php on line 56
[17-Jan-2023 11:59:28 UTC] PHP Fatal error:  Uncaught PDOException: SQLSTATE[23000]: Integrity constraint violation: 1452 Cannot add or update a child row: a foreign key constraint fails (`cookbook`.`recipe_step`, CONSTRAINT `recipe_step_ibfk_1` FOREIGN KEY (`recipe_id`) REFERENCES `recipe` (`id`)) in C:\Users\TRETEC\Documents\Projet-TDW\Cookbook\app\models\Model.php:29
Stack trace:
#0 C:\Users\TRETEC\Documents\Projet-TDW\Cookbook\app\models\Model.php(29): PDO->query('INSERT INTO rec...')
#1 C:\Users\TRETEC\Documents\Projet-TDW\Cookbook\app\controllers\apiroute.php(44): Model->requete(Object(PDO), 'INSERT INTO rec...')
#2 C:\Users\TRETEC\Documents\Projet-TDW\Cookbook\app\controllers\apiroute.php(175): addRecipestep(false, 1, 'stap1')
#3 {main}
  thrown in C:\Users\TRETEC\Documents\Projet-TDW\Cookbook\app\models\Model.php on line 29
[17-Jan-2023 12:03:29 UTC] PHP Fatal error:  Uncaught PDOException: SQLSTATE[42000]: Syntax error or access violation: 1064 You have an error in your SQL syntax; check the manual that corresponds to your MariaDB server version for the right syntax to use near '/9j/4AAQSkZJRgABAQEAYABgAAD//gA7Q1JFQVRPUjogZ2QtanBlZyB2MS4wICh1c2luZyBJSkcgS...' at line 2 in C:\Users\TRETEC\Documents\Projet-TDW\Cookbook\app\models\Model.php:29
Stack trace:
#0 C:\Users\TRETEC\Documents\Projet-TDW\Cookbook\app\models\Model.php(29): PDO->query('INSERT INTO rec...')
#1 C:\Users\TRETEC\Documents\Projet-TDW\Cookbook\app\controllers\apiroute.php(53): Model->requete(Object(PDO), 'INSERT INTO rec...')
#2 C:\Users\TRETEC\Documents\Projet-TDW\Cookbook\app\controllers\apiroute.php(185): addRecipeImage(20, '/9j/4AAQSkZJRgA...')
#3 {main}
  thrown in C:\Users\TRETEC\Documents\Projet-TDW\Cookbook\app\models\Model.php on line 29
[17-Jan-2023 12:14:13 UTC] PHP Fatal error:  Uncaught PDOException: SQLSTATE[23000]: Integrity constraint violation: 1062 Duplicate entry '20-1' for key 'PRIMARY' in C:\Users\TRETEC\Documents\Projet-TDW\Cookbook\app\models\Model.php:29
Stack trace:
#0 C:\Users\TRETEC\Documents\Projet-TDW\Cookbook\app\models\Model.php(29): PDO->query('INSERT INTO rec...')
#1 C:\Users\TRETEC\Documents\Projet-TDW\Cookbook\app\controllers\apiroute.php(35): Model->requete(Object(PDO), 'INSERT INTO rec...')
#2 C:\Users\TRETEC\Documents\Projet-TDW\Cookbook\app\controllers\apiroute.php(183): addRecipeingr(20, 1, '5')
#3 {main}
  thrown in C:\Users\TRETEC\Documents\Projet-TDW\Cookbook\app\models\Model.php on line 29
[17-Jan-2023 12:14:46 UTC] PHP Fatal error:  Uncaught PDOException: SQLSTATE[23000]: Integrity constraint violation: 1452 Cannot add or update a child row: a foreign key constraint fails (`cookbook`.`recipe_step`, CONSTRAINT `recipe_step_ibfk_1` FOREIGN KEY (`recipe_id`) REFERENCES `recipe` (`id`)) in C:\Users\TRETEC\Documents\Projet-TDW\Cookbook\app\models\Model.php:29
Stack trace:
#0 C:\Users\TRETEC\Documents\Projet-TDW\Cookbook\app\models\Model.php(29): PDO->query('INSERT INTO rec...')
#1 C:\Users\TRETEC\Documents\Projet-TDW\Cookbook\app\controllers\apiroute.php(44): Model->requete(Object(PDO), 'INSERT INTO rec...')
#2 C:\Users\TRETEC\Documents\Projet-TDW\Cookbook\app\controllers\apiroute.php(175): addRecipestep(false, 1, 'dsfdsfdjksjlkjl...')
#3 {main}
  thrown in C:\Users\TRETEC\Documents\Projet-TDW\Cookbook\app\models\Model.php on line 29
[17-Jan-2023 12:15:32 UTC] PHP Fatal error:  Uncaught PDOException: SQLSTATE[42000]: Syntax error or access violation: 1064 You have an error in your SQL syntax; check the manual that corresponds to your MariaDB server version for the right syntax to use near '????\0JFIF\0\0`\0`\0\0??\0;CREATOR: gd-jpeg v1.0 (using IJG JPEG v62), qu...' at line 2 in C:\Users\TRETEC\Documents\Projet-TDW\Cookbook\app\models\Model.php:29
Stack trace:
#0 C:\Users\TRETEC\Documents\Projet-TDW\Cookbook\app\models\Model.php(29): PDO->query('INSERT INTO rec...')
#1 C:\Users\TRETEC\Documents\Projet-TDW\Cookbook\app\controllers\apiroute.php(53): Model->requete(Object(PDO), 'INSERT INTO rec...')
#2 C:\Users\TRETEC\Documents\Projet-TDW\Cookbook\app\controllers\apiroute.php(185): addRecipeImage(23, '\xFF\xD8\xFF\xE0\\0\x10JFIF\\0\x01\x01...')
#3 {main}
  thrown in C:\Users\TRETEC\Documents\Projet-TDW\Cookbook\app\models\Model.php on line 29
[17-Jan-2023 12:16:46 UTC] PHP Fatal error:  Uncaught PDOException: SQLSTATE[23000]: Integrity constraint violation: 1062 Duplicate entry '23-4' for key 'PRIMARY' in C:\Users\TRETEC\Documents\Projet-TDW\Cookbook\app\models\Model.php:29
Stack trace:
#0 C:\Users\TRETEC\Documents\Projet-TDW\Cookbook\app\models\Model.php(29): PDO->query('INSERT INTO rec...')
#1 C:\Users\TRETEC\Documents\Projet-TDW\Cookbook\app\controllers\apiroute.php(35): Model->requete(Object(PDO), 'INSERT INTO rec...')
#2 C:\Users\TRETEC\Documents\Projet-TDW\Cookbook\app\controllers\apiroute.php(183): addRecipeingr(23, 4, '0')
#3 {main}
  thrown in C:\Users\TRETEC\Documents\Projet-TDW\Cookbook\app\models\Model.php on line 29
[17-Jan-2023 12:16:57 UTC] PHP Warning:  Undefined array key "step0" in C:\Users\TRETEC\Documents\Projet-TDW\Cookbook\app\controllers\apiroute.php on line 174
[17-Jan-2023 12:16:57 UTC] PHP Warning:  Undefined array key "ing0" in C:\Users\TRETEC\Documents\Projet-TDW\Cookbook\app\controllers\apiroute.php on line 179
[17-Jan-2023 12:16:57 UTC] PHP Deprecated:  preg_replace(): Passing null to parameter #3 ($subject) of type array|string is deprecated in C:\Users\TRETEC\Documents\Projet-TDW\Cookbook\app\controllers\apiroute.php on line 180
[17-Jan-2023 12:16:57 UTC] PHP Warning:  Undefined array key "qua0" in C:\Users\TRETEC\Documents\Projet-TDW\Cookbook\app\controllers\apiroute.php on line 182
[17-Jan-2023 12:16:57 UTC] PHP Fatal error:  Uncaught PDOException: SQLSTATE[23000]: Integrity constraint violation: 1452 Cannot add or update a child row: a foreign key constraint fails (`cookbook`.`recipe_ingredients`, CONSTRAINT `recipe_ingredients_ibfk_2` FOREIGN KEY (`ingredient_id`) REFERENCES `ingredient` (`id`)) in C:\Users\TRETEC\Documents\Projet-TDW\Cookbook\app\models\Model.php:29
Stack trace:
#0 C:\Users\TRETEC\Documents\Projet-TDW\Cookbook\app\models\Model.php(29): PDO->query('INSERT INTO rec...')
#1 C:\Users\TRETEC\Documents\Projet-TDW\Cookbook\app\controllers\apiroute.php(35): Model->requete(Object(PDO), 'INSERT INTO rec...')
#2 C:\Users\TRETEC\Documents\Projet-TDW\Cookbook\app\controllers\apiroute.php(183): addRecipeingr(26, false, NULL)
#3 {main}
  thrown in C:\Users\TRETEC\Documents\Projet-TDW\Cookbook\app\models\Model.php on line 29
[17-Jan-2023 12:17:29 UTC] PHP Fatal error:  Uncaught PDOException: SQLSTATE[42000]: Syntax error or access violation: 1064 You have an error in your SQL syntax; check the manual that corresponds to your MariaDB server version for the right syntax to use near '/9j/4AAQSkZJRgABAQEAYABgAAD//gA7Q1JFQVRPUjogZ2QtanBlZyB2MS4wICh1c2luZyBJSkcgS...' at line 2 in C:\Users\TRETEC\Documents\Projet-TDW\Cookbook\app\models\Model.php:29
Stack trace:
#0 C:\Users\TRETEC\Documents\Projet-TDW\Cookbook\app\models\Model.php(29): PDO->query('INSERT INTO rec...')
#1 C:\Users\TRETEC\Documents\Projet-TDW\Cookbook\app\controllers\apiroute.php(53): Model->requete(Object(PDO), 'INSERT INTO rec...')
#2 C:\Users\TRETEC\Documents\Projet-TDW\Cookbook\app\controllers\apiroute.php(185): addRecipeImage(27, '/9j/4AAQSkZJRgA...')
#3 {main}
  thrown in C:\Users\TRETEC\Documents\Projet-TDW\Cookbook\app\models\Model.php on line 29
[17-Jan-2023 12:21:29 UTC] PHP Warning:  Undefined variable $image in C:\Users\TRETEC\Documents\Projet-TDW\Cookbook\app\controllers\apiroute.php on line 187
[17-Jan-2023 15:42:54 UTC] PHP Fatal error:  Uncaught PDOException: SQLSTATE[23000]: Integrity constraint violation: 1452 Cannot add or update a child row: a foreign key constraint fails (`cookbook`.`recipemedia_temp`, CONSTRAINT `recipemedia_temp_ibfk_1` FOREIGN KEY (`recipe_id`) REFERENCES `recipe_temp` (`id`) ON DELETE CASCADE) in C:\Users\TRETEC\Documents\Projet-TDW\Cookbook\app\controllers\apiroute.php:112
Stack trace:
#0 C:\Users\TRETEC\Documents\Projet-TDW\Cookbook\app\controllers\apiroute.php(112): PDOStatement->execute()
#1 C:\Users\TRETEC\Documents\Projet-TDW\Cookbook\app\controllers\apiroute.php(337): addRecipeImageTemp(30, Resource id #4)
#2 {main}
  thrown in C:\Users\TRETEC\Documents\Projet-TDW\Cookbook\app\controllers\apiroute.php on line 112
[17-Jan-2023 15:47:06 UTC] PHP Fatal error:  Uncaught PDOException: SQLSTATE[23000]: Integrity constraint violation: 1452 Cannot add or update a child row: a foreign key constraint fails (`cookbook`.`recipemedia_temp`, CONSTRAINT `recipemedia_temp_ibfk_1` FOREIGN KEY (`recipe_id`) REFERENCES `recipe_temp` (`id`) ON DELETE CASCADE) in C:\Users\TRETEC\Documents\Projet-TDW\Cookbook\app\controllers\apiroute.php:112
Stack trace:
#0 C:\Users\TRETEC\Documents\Projet-TDW\Cookbook\app\controllers\apiroute.php(112): PDOStatement->execute()
#1 C:\Users\TRETEC\Documents\Projet-TDW\Cookbook\app\controllers\apiroute.php(337): addRecipeImageTemp(0, Resource id #4)
#2 {main}
  thrown in C:\Users\TRETEC\Documents\Projet-TDW\Cookbook\app\controllers\apiroute.php on line 112
[17-Jan-2023 15:50:25 UTC] PHP Fatal error:  Uncaught PDOException: SQLSTATE[23000]: Integrity constraint violation: 1062 Duplicate entry '0-1' for key 'PRIMARY' in C:\Users\TRETEC\Documents\Projet-TDW\Cookbook\app\models\Model.php:29
Stack trace:
#0 C:\Users\TRETEC\Documents\Projet-TDW\Cookbook\app\models\Model.php(29): PDO->query('INSERT INTO rec...')
#1 C:\Users\TRETEC\Documents\Projet-TDW\Cookbook\app\controllers\apiroute.php(70): Model->requete(Object(PDO), 'INSERT INTO rec...')
#2 C:\Users\TRETEC\Documents\Projet-TDW\Cookbook\app\controllers\apiroute.php(334): addRecipeingrTemp(false, 1, '3')
#3 {main}
  thrown in C:\Users\TRETEC\Documents\Projet-TDW\Cookbook\app\models\Model.php on line 29
[17-Jan-2023 16:02:51 UTC] PHP Fatal error:  Uncaught PDOException: SQLSTATE[23000]: Integrity constraint violation: 1452 Cannot add or update a child row: a foreign key constraint fails (`cookbook`.`recipe_step_temp`, CONSTRAINT `recipe_step_temp_ibfk_1` FOREIGN KEY (`recipe_id`) REFERENCES `recipe_temp` (`id`) ON DELETE CASCADE) in C:\Users\TRETEC\Documents\Projet-TDW\Cookbook\app\models\Model.php:29
Stack trace:
#0 C:\Users\TRETEC\Documents\Projet-TDW\Cookbook\app\models\Model.php(29): PDO->query('INSERT INTO rec...')
#1 C:\Users\TRETEC\Documents\Projet-TDW\Cookbook\app\controllers\apiroute.php(88): Model->requete(Object(PDO), 'INSERT INTO rec...')
#2 C:\Users\TRETEC\Documents\Projet-TDW\Cookbook\app\controllers\apiroute.php(326): addRecipestepTemp(false, 1, 'step1')
#3 {main}
  thrown in C:\Users\TRETEC\Documents\Projet-TDW\Cookbook\app\models\Model.php on line 29
[17-Jan-2023 16:06:48 UTC] PHP Fatal error:  Uncaught PDOException: SQLSTATE[42S02]: Base table or view not found: 1146 Table 'cookbook.recipe_user' doesn't exist in C:\Users\TRETEC\Documents\Projet-TDW\Cookbook\app\models\Model.php:29
Stack trace:
#0 C:\Users\TRETEC\Documents\Projet-TDW\Cookbook\app\models\Model.php(29): PDO->query('INSERT INTO rec...')
#1 C:\Users\TRETEC\Documents\Projet-TDW\Cookbook\app\controllers\apiroute.php(9): Model->requete(Object(PDO), 'INSERT INTO rec...')
#2 C:\Users\TRETEC\Documents\Projet-TDW\Cookbook\app\controllers\apiroute.php(179): addRecipeUser('18', 31)
#3 C:\Users\TRETEC\Documents\Projet-TDW\Cookbook\app\controllers\apiroute.php(251): validateRecipe('33', '18')
#4 {main}
  thrown in C:\Users\TRETEC\Documents\Projet-TDW\Cookbook\app\models\Model.php on line 29
[17-Jan-2023 16:08:22 UTC] PHP Fatal error:  Uncaught Error: Call to a member function fetch() on array in C:\Users\TRETEC\Documents\Projet-TDW\Cookbook\app\controllers\apiroute.php:183
Stack trace:
#0 C:\Users\TRETEC\Documents\Projet-TDW\Cookbook\app\controllers\apiroute.php(251): validateRecipe('33', '18')
#1 {main}
  thrown in C:\Users\TRETEC\Documents\Projet-TDW\Cookbook\app\controllers\apiroute.php on line 183
[18-Jan-2023 10:50:45 UTC] PHP Warning:  Undefined array key "healthy" in C:\Users\TRETEC\Documents\Projet-TDW\Cookbook\app\controllers\apiroute.php on line 314
[18-Jan-2023 11:39:05 UTC] PHP Warning:  Trying to access array offset on value of type bool in C:\Users\TRETEC\Documents\Projet-TDW\Cookbook\app\controllers\apiroute.php on line 460
[18-Jan-2023 11:39:05 UTC] PHP Fatal error:  Uncaught PDOException: SQLSTATE[42S22]: Column not found: 1054 Unknown column 'testmodified' in 'field list' in C:\Users\TRETEC\Documents\Projet-TDW\Cookbook\app\models\Model.php:29
Stack trace:
#0 C:\Users\TRETEC\Documents\Projet-TDW\Cookbook\app\models\Model.php(29): PDO->query('UPDATE recipe S...')
#1 C:\Users\TRETEC\Documents\Projet-TDW\Cookbook\app\controllers\apiroute.php(26): Model->requete(Object(PDO), 'UPDATE recipe S...')
#2 C:\Users\TRETEC\Documents\Projet-TDW\Cookbook\app\controllers\apiroute.php(461): updateRecipe('$recipe', 'testmodified', 'testtesttest', '2', '3', '4', 2, 3, '0', '119')
#3 {main}
  thrown in C:\Users\TRETEC\Documents\Projet-TDW\Cookbook\app\models\Model.php on line 29
[18-Jan-2023 11:40:52 UTC] PHP Warning:  Trying to access array offset on value of type bool in C:\Users\TRETEC\Documents\Projet-TDW\Cookbook\app\controllers\apiroute.php on line 460
[18-Jan-2023 11:40:52 UTC] PHP Fatal error:  Uncaught PDOException: SQLSTATE[42S22]: Column not found: 1054 Unknown column 'testmodified' in 'field list' in C:\Users\TRETEC\Documents\Projet-TDW\Cookbook\app\models\Model.php:29
Stack trace:
#0 C:\Users\TRETEC\Documents\Projet-TDW\Cookbook\app\models\Model.php(29): PDO->query('UPDATE recipe S...')
#1 C:\Users\TRETEC\Documents\Projet-TDW\Cookbook\app\controllers\apiroute.php(26): Model->requete(Object(PDO), 'UPDATE recipe S...')
#2 C:\Users\TRETEC\Documents\Projet-TDW\Cookbook\app\controllers\apiroute.php(461): updateRecipe('$recipe', 'testmodified', 'testtesttest', '2', '3', '4', 2, 3, '0', '119')
#3 {main}
  thrown in C:\Users\TRETEC\Documents\Projet-TDW\Cookbook\app\models\Model.php on line 29
[18-Jan-2023 11:41:27 UTC] PHP Warning:  Undefined array key "title" in C:\Users\TRETEC\Documents\Projet-TDW\Cookbook\app\controllers\apiroute.php on line 460
[18-Jan-2023 11:41:27 UTC] PHP Fatal error:  Uncaught PDOException: SQLSTATE[42S22]: Column not found: 1054 Unknown column 'testmodified' in 'field list' in C:\Users\TRETEC\Documents\Projet-TDW\Cookbook\app\models\Model.php:29
Stack trace:
#0 C:\Users\TRETEC\Documents\Projet-TDW\Cookbook\app\models\Model.php(29): PDO->query('UPDATE recipe S...')
#1 C:\Users\TRETEC\Documents\Projet-TDW\Cookbook\app\controllers\apiroute.php(26): Model->requete(Object(PDO), 'UPDATE recipe S...')
#2 C:\Users\TRETEC\Documents\Projet-TDW\Cookbook\app\controllers\apiroute.php(461): updateRecipe('34', 'testmodified', 'testtesttest', '2', '3', '4', 2, 3, '0', '119')
#3 {main}
  thrown in C:\Users\TRETEC\Documents\Projet-TDW\Cookbook\app\models\Model.php on line 29
[18-Jan-2023 11:42:48 UTC] PHP Fatal error:  Uncaught PDOException: SQLSTATE[42S22]: Column not found: 1054 Unknown column 'testmodified' in 'field list' in C:\Users\TRETEC\Documents\Projet-TDW\Cookbook\app\models\Model.php:29
Stack trace:
#0 C:\Users\TRETEC\Documents\Projet-TDW\Cookbook\app\models\Model.php(29): PDO->query('UPDATE recipe S...')
#1 C:\Users\TRETEC\Documents\Projet-TDW\Cookbook\app\controllers\apiroute.php(26): Model->requete(Object(PDO), 'UPDATE recipe S...')
#2 C:\Users\TRETEC\Documents\Projet-TDW\Cookbook\app\controllers\apiroute.php(461): updateRecipe('34', 'testmodified', 'testtesttest', '2', '3', '4', 2, 3, '0', '119')
#3 {main}
  thrown in C:\Users\TRETEC\Documents\Projet-TDW\Cookbook\app\models\Model.php on line 29
[18-Jan-2023 11:43:48 UTC] PHP Fatal error:  Uncaught PDOException: SQLSTATE[42S22]: Column not found: 1054 Unknown column 'testmodified' in 'field list' in C:\Users\TRETEC\Documents\Projet-TDW\Cookbook\app\models\Model.php:29
Stack trace:
#0 C:\Users\TRETEC\Documents\Projet-TDW\Cookbook\app\models\Model.php(29): PDO->query('UPDATE recipe S...')
#1 C:\Users\TRETEC\Documents\Projet-TDW\Cookbook\app\controllers\apiroute.php(26): Model->requete(Object(PDO), 'UPDATE recipe S...')
#2 C:\Users\TRETEC\Documents\Projet-TDW\Cookbook\app\controllers\apiroute.php(461): updateRecipe('34', 'testmodified', 'testtesttest', '2', '3', '4', 2, 3, '0', '119')
#3 {main}
  thrown in C:\Users\TRETEC\Documents\Projet-TDW\Cookbook\app\models\Model.php on line 29
[18-Jan-2023 11:43:53 UTC] PHP Fatal error:  Uncaught PDOException: SQLSTATE[42S22]: Column not found: 1054 Unknown column 'testmodified' in 'field list' in C:\Users\TRETEC\Documents\Projet-TDW\Cookbook\app\models\Model.php:29
Stack trace:
#0 C:\Users\TRETEC\Documents\Projet-TDW\Cookbook\app\models\Model.php(29): PDO->query('UPDATE recipe S...')
#1 C:\Users\TRETEC\Documents\Projet-TDW\Cookbook\app\controllers\apiroute.php(26): Model->requete(Object(PDO), 'UPDATE recipe S...')
#2 C:\Users\TRETEC\Documents\Projet-TDW\Cookbook\app\controllers\apiroute.php(461): updateRecipe('34', 'testmodified', 'testtesttest', '2', '3', '4', 2, 3, '0', '119')
#3 {main}
  thrown in C:\Users\TRETEC\Documents\Projet-TDW\Cookbook\app\models\Model.php on line 29
[18-Jan-2023 11:44:56 UTC] PHP Fatal error:  Uncaught PDOException: SQLSTATE[42000]: Syntax error or access violation: 1064 You have an error in your SQL syntax; check the manual that corresponds to your MariaDB server version for the right syntax to use near 'FROM recipe_step WHERE recipe_id='34' and step_number='1'' at line 1 in C:\Users\TRETEC\Documents\Projet-TDW\Cookbook\app\models\Model.php:29
Stack trace:
#0 C:\Users\TRETEC\Documents\Projet-TDW\Cookbook\app\models\Model.php(29): PDO->query('SELECT  FROM re...')
#1 C:\Users\TRETEC\Documents\Projet-TDW\Cookbook\app\controllers\apiroute.php(146): Model->requete(Object(PDO), 'SELECT  FROM re...')
#2 C:\Users\TRETEC\Documents\Projet-TDW\Cookbook\app\controllers\apiroute.php(465): getRecipeStep('34', 1)
#3 {main}
  thrown in C:\Users\TRETEC\Documents\Projet-TDW\Cookbook\app\models\Model.php on line 29
[18-Jan-2023 11:46:56 UTC] PHP Fatal error:  Uncaught PDOException: SQLSTATE[42000]: Syntax error or access violation: 1064 You have an error in your SQL syntax; check the manual that corresponds to your MariaDB server version for the right syntax to use near ')
    VALUES ('34','2','step2modified')' at line 1 in C:\Users\TRETEC\Documents\Projet-TDW\Cookbook\app\models\Model.php:29
Stack trace:
#0 C:\Users\TRETEC\Documents\Projet-TDW\Cookbook\app\models\Model.php(29): PDO->query('UPDATE recipe_s...')
#1 C:\Users\TRETEC\Documents\Projet-TDW\Cookbook\app\controllers\apiroute.php(130): Model->requete(Object(PDO), 'UPDATE recipe_s...')
#2 C:\Users\TRETEC\Documents\Projet-TDW\Cookbook\app\controllers\apiroute.php(467): updateRecipestep('34', 2, 'step2modified')
#3 {main}
  thrown in C:\Users\TRETEC\Documents\Projet-TDW\Cookbook\app\models\Model.php on line 29
[18-Jan-2023 11:47:44 UTC] PHP Fatal error:  Uncaught PDOException: SQLSTATE[42000]: Syntax error or access violation: 1064 You have an error in your SQL syntax; check the manual that corresponds to your MariaDB server version for the right syntax to use near ')' at line 1 in C:\Users\TRETEC\Documents\Projet-TDW\Cookbook\app\models\Model.php:29
Stack trace:
#0 C:\Users\TRETEC\Documents\Projet-TDW\Cookbook\app\models\Model.php(29): PDO->query('UPDATE recipe_s...')
#1 C:\Users\TRETEC\Documents\Projet-TDW\Cookbook\app\controllers\apiroute.php(129): Model->requete(Object(PDO), 'UPDATE recipe_s...')
#2 C:\Users\TRETEC\Documents\Projet-TDW\Cookbook\app\controllers\apiroute.php(466): updateRecipestep('34', 2, 'step2modified')
#3 {main}
  thrown in C:\Users\TRETEC\Documents\Projet-TDW\Cookbook\app\models\Model.php on line 29
[18-Jan-2023 11:48:12 UTC] PHP Warning:  Undefined array key "ing0" in C:\Users\TRETEC\Documents\Projet-TDW\Cookbook\app\controllers\apiroute.php on line 473
[18-Jan-2023 11:48:12 UTC] PHP Deprecated:  preg_replace(): Passing null to parameter #3 ($subject) of type array|string is deprecated in C:\Users\TRETEC\Documents\Projet-TDW\Cookbook\app\controllers\apiroute.php on line 474
[18-Jan-2023 11:48:12 UTC] PHP Warning:  Undefined variable $recipeId in C:\Users\TRETEC\Documents\Projet-TDW\Cookbook\app\controllers\apiroute.php on line 483
[18-Jan-2023 11:48:12 UTC] PHP Fatal error:  Uncaught PDOException: SQLSTATE[23000]: Integrity constraint violation: 1452 Cannot add or update a child row: a foreign key constraint fails (`cookbook`.`recipe_ingredients`, CONSTRAINT `recipe_ingredients_ibfk_3` FOREIGN KEY (`recipe_id`) REFERENCES `recipe` (`id`) ON DELETE CASCADE) in C:\Users\TRETEC\Documents\Projet-TDW\Cookbook\app\models\Model.php:29
Stack trace:
#0 C:\Users\TRETEC\Documents\Projet-TDW\Cookbook\app\models\Model.php(29): PDO->query('INSERT INTO rec...')
#1 C:\Users\TRETEC\Documents\Projet-TDW\Cookbook\app\controllers\apiroute.php(77): Model->requete(Object(PDO), 'INSERT INTO rec...')
#2 C:\Users\TRETEC\Documents\Projet-TDW\Cookbook\app\controllers\apiroute.php(483): addRecipeingr(NULL, false, '3')
#3 {main}
  thrown in C:\Users\TRETEC\Documents\Projet-TDW\Cookbook\app\models\Model.php on line 29
[18-Jan-2023 11:50:04 UTC] PHP Fatal error:  Uncaught PDOException: SQLSTATE[42000]: Syntax error or access violation: 1064 You have an error in your SQL syntax; check the manual that corresponds to your MariaDB server version for the right syntax to use near ')' at line 1 in C:\Users\TRETEC\Documents\Projet-TDW\Cookbook\app\controllers\apiroute.php:177
Stack trace:
#0 C:\Users\TRETEC\Documents\Projet-TDW\Cookbook\app\controllers\apiroute.php(177): PDOStatement->execute()
#1 C:\Users\TRETEC\Documents\Projet-TDW\Cookbook\app\controllers\apiroute.php(489): updateRecipeImage('34', Resource id #14)
#2 {main}
  thrown in C:\Users\TRETEC\Documents\Projet-TDW\Cookbook\app\controllers\apiroute.php on line 177
[18-Jan-2023 15:07:55 UTC] PHP Fatal error:  Uncaught PDOException: SQLSTATE[42000]: Syntax error or access violation: 1064 You have an error in your SQL syntax; check the manual that corresponds to your MariaDB server version for the right syntax to use near 'dssssssssssssssfdsf
sfdfdsfdsdfsd
sdfdsfsd)' at line 3 in C:\Users\TRETEC\Documents\Projet-TDW\Cookbook\app\models\Model.php:29
Stack trace:
#0 C:\Users\TRETEC\Documents\Projet-TDW\Cookbook\app\models\Model.php(29): PDO->query('INSERT INTO new...')
#1 C:\Users\TRETEC\Documents\Projet-TDW\Cookbook\app\controllers\apiroute.php(27): Model->requete(Object(PDO), 'INSERT INTO new...')
#2 C:\Users\TRETEC\Documents\Projet-TDW\Cookbook\app\controllers\apiroute.php(561): addNews('test news', 'dedsdjfskfjsf', 'sdddddddddddddd...')
#3 {main}
  thrown in C:\Users\TRETEC\Documents\Projet-TDW\Cookbook\app\models\Model.php on line 29
[18-Jan-2023 15:09:13 UTC] PHP Fatal error:  Uncaught PDOException: SQLSTATE[42000]: Syntax error or access violation: 1064 You have an error in your SQL syntax; check the manual that corresponds to your MariaDB server version for the right syntax to use near 'where id=3' at line 1 in C:\Users\TRETEC\Documents\Projet-TDW\Cookbook\app\controllers\apiroute.php:201
Stack trace:
#0 C:\Users\TRETEC\Documents\Projet-TDW\Cookbook\app\controllers\apiroute.php(201): PDOStatement->execute()
#1 C:\Users\TRETEC\Documents\Projet-TDW\Cookbook\app\controllers\apiroute.php(561): addNewsImage(3, Resource id #4)
#2 {main}
  thrown in C:\Users\TRETEC\Documents\Projet-TDW\Cookbook\app\controllers\apiroute.php on line 201
[18-Jan-2023 16:01:27 UTC] PHP Fatal error:  Uncaught PDOException: SQLSTATE[42000]: Syntax error or access violation: 1064 You have an error in your SQL syntax; check the manual that corresponds to your MariaDB server version for the right syntax to use near 'set  SET img='?PNG\r\n\Z\n\0\0\0\rIHDR\0\0n\0\0?\0\0\0H?\0\0\0	pHYs\0\0...' at line 1 in C:\Users\TRETEC\Documents\Projet-TDW\Cookbook\app\controllers\apiroute.php:220
Stack trace:
#0 C:\Users\TRETEC\Documents\Projet-TDW\Cookbook\app\controllers\apiroute.php(220): PDOStatement->execute()
#1 C:\Users\TRETEC\Documents\Projet-TDW\Cookbook\app\controllers\apiroute.php(582): updateNewsImage('$id', Resource id #4)
#2 {main}
  thrown in C:\Users\TRETEC\Documents\Projet-TDW\Cookbook\app\controllers\apiroute.php on line 220
[18-Jan-2023 16:02:39 UTC] PHP Warning:  Trying to access array offset on value of type bool in C:\Users\TRETEC\Documents\Projet-TDW\Cookbook\app\controllers\apiroute.php on line 586
[18-Jan-2023 16:02:39 UTC] PHP Fatal error:  Uncaught PDOException: SQLSTATE[42000]: Syntax error or access violation: 1064 You have an error in your SQL syntax; check the manual that corresponds to your MariaDB server version for the right syntax to use near '$id'' at line 1 in C:\Users\TRETEC\Documents\Projet-TDW\Cookbook\app\models\Model.php:29
Stack trace:
#0 C:\Users\TRETEC\Documents\Projet-TDW\Cookbook\app\models\Model.php(29): PDO->query('UPDATE news SET...')
#1 C:\Users\TRETEC\Documents\Projet-TDW\Cookbook\app\controllers\apiroute.php(34): Model->requete(Object(PDO), 'UPDATE news SET...')
#2 C:\Users\TRETEC\Documents\Projet-TDW\Cookbook\app\controllers\apiroute.php(587): updateNews('$id', 'test news modif...', 'ab', 'a')
#3 {main}
  thrown in C:\Users\TRETEC\Documents\Projet-TDW\Cookbook\app\models\Model.php on line 29
[18-Jan-2023 16:04:33 UTC] PHP Warning:  Trying to access array offset on value of type bool in C:\Users\TRETEC\Documents\Projet-TDW\Cookbook\app\controllers\apiroute.php on line 586
[18-Jan-2023 16:04:33 UTC] PHP Fatal error:  Uncaught PDOException: SQLSTATE[42000]: Syntax error or access violation: 1064 You have an error in your SQL syntax; check the manual that corresponds to your MariaDB server version for the right syntax to use near '$id'' at line 1 in C:\Users\TRETEC\Documents\Projet-TDW\Cookbook\app\models\Model.php:29
Stack trace:
#0 C:\Users\TRETEC\Documents\Projet-TDW\Cookbook\app\models\Model.php(29): PDO->query('UPDATE news SET...')
#1 C:\Users\TRETEC\Documents\Projet-TDW\Cookbook\app\controllers\apiroute.php(34): Model->requete(Object(PDO), 'UPDATE news SET...')
#2 C:\Users\TRETEC\Documents\Projet-TDW\Cookbook\app\controllers\apiroute.php(587): updateNews('$id', 'test news modif...', 'ab', 'a')
#3 {main}
  thrown in C:\Users\TRETEC\Documents\Projet-TDW\Cookbook\app\models\Model.php on line 29
[18-Jan-2023 16:04:44 UTC] PHP Warning:  Trying to access array offset on value of type bool in C:\Users\TRETEC\Documents\Projet-TDW\Cookbook\app\controllers\apiroute.php on line 586
[18-Jan-2023 16:04:44 UTC] PHP Fatal error:  Uncaught PDOException: SQLSTATE[42000]: Syntax error or access violation: 1064 You have an error in your SQL syntax; check the manual that corresponds to your MariaDB server version for the right syntax to use near '$id'' at line 1 in C:\Users\TRETEC\Documents\Projet-TDW\Cookbook\app\models\Model.php:29
Stack trace:
#0 C:\Users\TRETEC\Documents\Projet-TDW\Cookbook\app\models\Model.php(29): PDO->query('UPDATE news SET...')
#1 C:\Users\TRETEC\Documents\Projet-TDW\Cookbook\app\controllers\apiroute.php(34): Model->requete(Object(PDO), 'UPDATE news SET...')
#2 C:\Users\TRETEC\Documents\Projet-TDW\Cookbook\app\controllers\apiroute.php(587): updateNews('$id', 'test news modif...', 'ab', 'a')
#3 {main}
  thrown in C:\Users\TRETEC\Documents\Projet-TDW\Cookbook\app\models\Model.php on line 29
[18-Jan-2023 16:04:58 UTC] PHP Fatal error:  Uncaught PDOException: SQLSTATE[42000]: Syntax error or access violation: 1064 You have an error in your SQL syntax; check the manual that corresponds to your MariaDB server version for the right syntax to use near '3'' at line 1 in C:\Users\TRETEC\Documents\Projet-TDW\Cookbook\app\models\Model.php:29
Stack trace:
#0 C:\Users\TRETEC\Documents\Projet-TDW\Cookbook\app\models\Model.php(29): PDO->query('UPDATE news SET...')
#1 C:\Users\TRETEC\Documents\Projet-TDW\Cookbook\app\controllers\apiroute.php(34): Model->requete(Object(PDO), 'UPDATE news SET...')
#2 C:\Users\TRETEC\Documents\Projet-TDW\Cookbook\app\controllers\apiroute.php(587): updateNews('3', 'test news modif...', 'ab', 'a')
#3 {main}
  thrown in C:\Users\TRETEC\Documents\Projet-TDW\Cookbook\app\models\Model.php on line 29
[18-Jan-2023 16:26:08 UTC] PHP Warning:  Array to string conversion in C:\Users\TRETEC\Documents\Projet-TDW\Cookbook\app\controllers\apiroute.php on line 593
[18-Jan-2023 22:21:16 UTC] PHP Warning:  Undefined array key "name" in C:\Users\TRETEC\Documents\Projet-TDW\Cookbook\app\controllers\apiroute.php on line 677
[18-Jan-2023 22:21:16 UTC] PHP Warning:  Undefined array key "content" in C:\Users\TRETEC\Documents\Projet-TDW\Cookbook\app\controllers\apiroute.php on line 682
[18-Jan-2023 22:21:16 UTC] PHP Fatal error:  Uncaught PDOException: SQLSTATE[42S02]: Base table or view not found: 1146 Table 'cookbook.ingredint' doesn't exist in C:\Users\TRETEC\Documents\Projet-TDW\Cookbook\app\models\Model.php:29
Stack trace:
#0 C:\Users\TRETEC\Documents\Projet-TDW\Cookbook\app\models\Model.php(29): PDO->query('INSERT INTO ing...')
#1 C:\Users\TRETEC\Documents\Projet-TDW\Cookbook\app\controllers\apiroute.php(81): Model->requete(Object(PDO), 'INSERT INTO ing...')
#2 C:\Users\TRETEC\Documents\Projet-TDW\Cookbook\app\controllers\apiroute.php(686): AddIngredient(NULL, '1', '1', '1', '1', '1', '0', '7')
#3 {main}
  thrown in C:\Users\TRETEC\Documents\Projet-TDW\Cookbook\app\models\Model.php on line 29
[18-Jan-2023 22:22:29 UTC] PHP Warning:  Undefined array key "name" in C:\Users\TRETEC\Documents\Projet-TDW\Cookbook\app\controllers\apiroute.php on line 677
[18-Jan-2023 22:22:29 UTC] PHP Fatal error:  Uncaught PDOException: SQLSTATE[42S02]: Base table or view not found: 1146 Table 'cookbook.ingredint' doesn't exist in C:\Users\TRETEC\Documents\Projet-TDW\Cookbook\app\models\Model.php:29
Stack trace:
#0 C:\Users\TRETEC\Documents\Projet-TDW\Cookbook\app\models\Model.php(29): PDO->query('INSERT INTO ing...')
#1 C:\Users\TRETEC\Documents\Projet-TDW\Cookbook\app\controllers\apiroute.php(81): Model->requete(Object(PDO), 'INSERT INTO ing...')
#2 C:\Users\TRETEC\Documents\Projet-TDW\Cookbook\app\controllers\apiroute.php(685): AddIngredient(NULL, '1', '1', '1', '1', '1', '0', '7')
#3 {main}
  thrown in C:\Users\TRETEC\Documents\Projet-TDW\Cookbook\app\models\Model.php on line 29
[18-Jan-2023 22:22:47 UTC] PHP Warning:  Undefined array key "name" in C:\Users\TRETEC\Documents\Projet-TDW\Cookbook\app\controllers\apiroute.php on line 677
[18-Jan-2023 22:22:47 UTC] PHP Fatal error:  Uncaught PDOException: SQLSTATE[42S02]: Base table or view not found: 1146 Table 'cookbook.ingredint' doesn't exist in C:\Users\TRETEC\Documents\Projet-TDW\Cookbook\app\models\Model.php:29
Stack trace:
#0 C:\Users\TRETEC\Documents\Projet-TDW\Cookbook\app\models\Model.php(29): PDO->query('INSERT INTO ing...')
#1 C:\Users\TRETEC\Documents\Projet-TDW\Cookbook\app\controllers\apiroute.php(81): Model->requete(Object(PDO), 'INSERT INTO ing...')
#2 C:\Users\TRETEC\Documents\Projet-TDW\Cookbook\app\controllers\apiroute.php(685): AddIngredient(NULL, '1', '1', '1', '1', '1', '0', '7')
#3 {main}
  thrown in C:\Users\TRETEC\Documents\Projet-TDW\Cookbook\app\models\Model.php on line 29
[18-Jan-2023 22:27:36 UTC] PHP Fatal error:  Uncaught PDOException: SQLSTATE[42S02]: Base table or view not found: 1146 Table 'cookbook.ingredint' doesn't exist in C:\Users\TRETEC\Documents\Projet-TDW\Cookbook\app\models\Model.php:29
Stack trace:
#0 C:\Users\TRETEC\Documents\Projet-TDW\Cookbook\app\models\Model.php(29): PDO->query('INSERT INTO ing...')
#1 C:\Users\TRETEC\Documents\Projet-TDW\Cookbook\app\controllers\apiroute.php(81): Model->requete(Object(PDO), 'INSERT INTO ing...')
#2 C:\Users\TRETEC\Documents\Projet-TDW\Cookbook\app\controllers\apiroute.php(685): AddIngredient('test', '1', '1', '1', '1', '1', 0.5, '7')
#3 {main}
  thrown in C:\Users\TRETEC\Documents\Projet-TDW\Cookbook\app\models\Model.php on line 29
[18-Jan-2023 23:26:36 UTC] PHP Warning:  Undefined variable $protein in C:\Users\TRETEC\Documents\Projet-TDW\Cookbook\app\controllers\apiroute.php on line 719
[18-Jan-2023 23:27:58 UTC] PHP Warning:  Undefined variable $protein in C:\Users\TRETEC\Documents\Projet-TDW\Cookbook\app\controllers\apiroute.php on line 719
[18-Jan-2023 23:46:20 UTC] PHP Warning:  Undefined variable $protein in C:\Users\TRETEC\Documents\Projet-TDW\Cookbook\app\controllers\apiroute.php on line 720
